<errors>
<error type="info.kwarc.mmt.api.frontend.Extension$LocalError" shortMsg="mmt-omdoc: unknown build error: Illegal character in scheme name at index 0: &quot;http://latin.omdoc.org/logics/syntax%22." level="2">
  <stacktrace>
    <element>info.kwarc.mmt.api.archives.TraversingBuildTarget$$anonfun$info$kwarc$mmt$api$archives$TraversingBuildTarget$$buildAux$2.apply(BuildTarget.scala:188)</element>
    <element>info.kwarc.mmt.api.archives.TraversingBuildTarget$$anonfun$info$kwarc$mmt$api$archives$TraversingBuildTarget$$buildAux$2.apply(BuildTarget.scala:171)</element>
    <element>info.kwarc.mmt.api.archives.WritableArchive.traverse(Archive.scala:105)</element>
    <element>info.kwarc.mmt.api.archives.WritableArchive.info$kwarc$mmt$api$archives$WritableArchive$$recurse$1(Archive.scala:93)</element>
    <element>info.kwarc.mmt.api.archives.WritableArchive$$anonfun$5.apply(Archive.scala:98)</element>
    <element>info.kwarc.mmt.api.archives.WritableArchive$$anonfun$5.apply(Archive.scala:98)</element>
    <element>scala.collection.TraversableLike$$anonfun$flatMap$1.apply(TraversableLike.scala:252)</element>
    <element>scala.collection.TraversableLike$$anonfun$flatMap$1.apply(TraversableLike.scala:252)</element>
    <element>scala.collection.IndexedSeqOptimized$class.foreach(IndexedSeqOptimized.scala:33)</element>
    <element>scala.collection.mutable.ArrayOps$ofRef.foreach(ArrayOps.scala:186)</element>
    <element>scala.collection.TraversableLike$class.flatMap(TraversableLike.scala:252)</element>
    <element>scala.collection.mutable.ArrayOps$ofRef.flatMap(ArrayOps.scala:186)</element>
    <element>info.kwarc.mmt.api.archives.WritableArchive.traverse(Archive.scala:98)</element>
    <element>info.kwarc.mmt.api.archives.WritableArchive.info$kwarc$mmt$api$archives$WritableArchive$$recurse$1(Archive.scala:93)</element>
    <element>info.kwarc.mmt.api.archives.WritableArchive$$anonfun$5.apply(Archive.scala:98)</element>
    <element>info.kwarc.mmt.api.archives.WritableArchive$$anonfun$5.apply(Archive.scala:98)</element>
    <element>scala.collection.TraversableLike$$anonfun$flatMap$1.apply(TraversableLike.scala:252)</element>
    <element>scala.collection.TraversableLike$$anonfun$flatMap$1.apply(TraversableLike.scala:252)</element>
    <element>scala.collection.IndexedSeqOptimized$class.foreach(IndexedSeqOptimized.scala:33)</element>
    <element>scala.collection.mutable.ArrayOps$ofRef.foreach(ArrayOps.scala:186)</element>
    <element>scala.collection.TraversableLike$class.flatMap(TraversableLike.scala:252)</element>
    <element>scala.collection.mutable.ArrayOps$ofRef.flatMap(ArrayOps.scala:186)</element>
    <element>info.kwarc.mmt.api.archives.WritableArchive.traverse(Archive.scala:98)</element>
    <element>info.kwarc.mmt.api.archives.WritableArchive.info$kwarc$mmt$api$archives$WritableArchive$$recurse$1(Archive.scala:93)</element>
    <element>info.kwarc.mmt.api.archives.WritableArchive$$anonfun$5.apply(Archive.scala:98)</element>
    <element>info.kwarc.mmt.api.archives.WritableArchive$$anonfun$5.apply(Archive.scala:98)</element>
    <element>scala.collection.TraversableLike$$anonfun$flatMap$1.apply(TraversableLike.scala:252)</element>
    <element>scala.collection.TraversableLike$$anonfun$flatMap$1.apply(TraversableLike.scala:252)</element>
    <element>scala.collection.IndexedSeqOptimized$class.foreach(IndexedSeqOptimized.scala:33)</element>
    <element>scala.collection.mutable.ArrayOps$ofRef.foreach(ArrayOps.scala:186)</element>
    <element>scala.collection.TraversableLike$class.flatMap(TraversableLike.scala:252)</element>
    <element>scala.collection.mutable.ArrayOps$ofRef.flatMap(ArrayOps.scala:186)</element>
    <element>info.kwarc.mmt.api.archives.WritableArchive.traverse(Archive.scala:98)</element>
    <element>info.kwarc.mmt.api.archives.TraversingBuildTarget.info$kwarc$mmt$api$archives$TraversingBuildTarget$$buildAux(BuildTarget.scala:171)</element>
    <element>info.kwarc.mmt.api.archives.TraversingBuildTarget.build(BuildTarget.scala:159)</element>
    <element>info.kwarc.mmt.api.archives.TraversingBuildTarget.build(BuildTarget.scala:157)</element>
    <element>info.kwarc.mmt.api.archives.BuildTarget.apply(BuildTarget.scala:57)</element>
    <element>info.kwarc.mmt.api.frontend.Controller$$anonfun$handle$5.apply(Controller.scala:521)</element>
    <element>info.kwarc.mmt.api.frontend.Controller$$anonfun$handle$5.apply(Controller.scala:495)</element>
    <element>scala.collection.immutable.List.foreach(List.scala:381)</element>
    <element>info.kwarc.mmt.api.frontend.Controller.handle(Controller.scala:495)</element>
    <element>info.kwarc.mmt.api.frontend.Controller$$anonfun$handle$16.apply(Controller.scala:615)</element>
    <element>info.kwarc.mmt.api.frontend.Controller$$anonfun$handle$16.apply(Controller.scala:615)</element>
    <element>scala.collection.immutable.List.foreach(List.scala:381)</element>
    <element>info.kwarc.mmt.api.frontend.Controller.handle(Controller.scala:615)</element>
    <element>info.kwarc.mmt.api.frontend.Controller$$anonfun$handle$15.apply(Controller.scala:595)</element>
    <element>info.kwarc.mmt.api.frontend.Controller$$anonfun$handle$15.apply(Controller.scala:594)</element>
    <element>scala.Option.foreach(Option.scala:257)</element>
    <element>info.kwarc.mmt.api.frontend.Controller.handle(Controller.scala:594)</element>
    <element>info.kwarc.mmt.api.frontend.Controller.handleLine(Controller.scala:458)</element>
    <element>info.kwarc.mmt.api.frontend.Shell$$anonfun$main$1.apply(Shell.scala:79)</element>
    <element>info.kwarc.mmt.api.frontend.Shell$$anonfun$main$1.apply(Shell.scala:79)</element>
    <element>scala.collection.IndexedSeqOptimized$class.foreach(IndexedSeqOptimized.scala:33)</element>
    <element>scala.collection.mutable.ArrayOps$ofRef.foreach(ArrayOps.scala:186)</element>
    <element>info.kwarc.mmt.api.frontend.Shell.main(Shell.scala:79)</element>
    <element>info.kwarc.mmt.api.frontend.Run.main(Shell.scala)</element>
  </stacktrace>
  <cause type="java.net.URISyntaxException" shortMsg="Illegal character in scheme name at index 0: &quot;http://latin.omdoc.org/logics/syntax%22.">
    <stacktrace>
      <element>java.net.URI$Parser.fail(URI.java:2829)</element>
      <element>java.net.URI$Parser.checkChars(URI.java:3002)</element>
      <element>java.net.URI$Parser.checkChar(URI.java:3012)</element>
      <element>java.net.URI$Parser.parse(URI.java:3028)</element>
      <element>java.net.URI.&lt;init&gt;(URI.java:753)</element>
      <element>info.kwarc.mmt.api.utils.URI.toJava(URI.scala:87)</element>
      <element>info.kwarc.mmt.api.utils.URI.resolve(URI.scala:69)</element>
      <element>info.kwarc.mmt.api.Path$.mergeD(Path.scala:291)</element>
      <element>info.kwarc.mmt.api.Path$.parse(Path.scala:318)</element>
      <element>info.kwarc.mmt.api.Path$.parse(Path.scala:288)</element>
      <element>info.kwarc.mmt.api.Path$.parseD(Path.scala:375)</element>
      <element>info.kwarc.mmt.api.parser.KeywordBasedParser.readDPath(StructureParser.scala:175)</element>
      <element>info.kwarc.mmt.api.parser.KeywordBasedParser.info$kwarc$mmt$api$parser$KeywordBasedParser$$readInDocument(StructureParser.scala:603)</element>
      <element>info.kwarc.mmt.api.parser.KeywordBasedParser$$anonfun$apply$1.apply$mcV$sp(StructureParser.scala:137)</element>
      <element>info.kwarc.mmt.api.parser.KeywordBasedParser$$anonfun$apply$1.apply(StructureParser.scala:137)</element>
      <element>info.kwarc.mmt.api.parser.KeywordBasedParser$$anonfun$apply$1.apply(StructureParser.scala:137)</element>
      <element>info.kwarc.mmt.api.frontend.Logger$class.logGroup(Log.scala:14)</element>
      <element>info.kwarc.mmt.api.parser.Parser.logGroup(Parser.scala:141)</element>
      <element>info.kwarc.mmt.api.parser.KeywordBasedParser.apply(StructureParser.scala:136)</element>
      <element>info.kwarc.mmt.api.parser.KeywordBasedParser.apply(StructureParser.scala:128)</element>
      <element>info.kwarc.mmt.api.checking.TwoStepInterpreter.apply(Interpreter.scala:44)</element>
      <element>info.kwarc.mmt.api.checking.Interpreter.importDocument(Interpreter.scala:27)</element>
      <element>info.kwarc.mmt.api.archives.Importer.buildFile(Index.scala:39)</element>
      <element>info.kwarc.mmt.api.archives.TraversingBuildTarget$$anonfun$info$kwarc$mmt$api$archives$TraversingBuildTarget$$buildAux$2.apply(BuildTarget.scala:184)</element>
      <element>info.kwarc.mmt.api.archives.TraversingBuildTarget$$anonfun$info$kwarc$mmt$api$archives$TraversingBuildTarget$$buildAux$2.apply(BuildTarget.scala:171)</element>
      <element>info.kwarc.mmt.api.archives.WritableArchive.traverse(Archive.scala:105)</element>
      <element>info.kwarc.mmt.api.archives.WritableArchive.info$kwarc$mmt$api$archives$WritableArchive$$recurse$1(Archive.scala:93)</element>
      <element>info.kwarc.mmt.api.archives.WritableArchive$$anonfun$5.apply(Archive.scala:98)</element>
      <element>info.kwarc.mmt.api.archives.WritableArchive$$anonfun$5.apply(Archive.scala:98)</element>
      <element>scala.collection.TraversableLike$$anonfun$flatMap$1.apply(TraversableLike.scala:252)</element>
      <element>scala.collection.TraversableLike$$anonfun$flatMap$1.apply(TraversableLike.scala:252)</element>
      <element>scala.collection.IndexedSeqOptimized$class.foreach(IndexedSeqOptimized.scala:33)</element>
      <element>scala.collection.mutable.ArrayOps$ofRef.foreach(ArrayOps.scala:186)</element>
      <element>scala.collection.TraversableLike$class.flatMap(TraversableLike.scala:252)</element>
      <element>scala.collection.mutable.ArrayOps$ofRef.flatMap(ArrayOps.scala:186)</element>
      <element>info.kwarc.mmt.api.archives.WritableArchive.traverse(Archive.scala:98)</element>
      <element>info.kwarc.mmt.api.archives.WritableArchive.info$kwarc$mmt$api$archives$WritableArchive$$recurse$1(Archive.scala:93)</element>
      <element>info.kwarc.mmt.api.archives.WritableArchive$$anonfun$5.apply(Archive.scala:98)</element>
      <element>info.kwarc.mmt.api.archives.WritableArchive$$anonfun$5.apply(Archive.scala:98)</element>
      <element>scala.collection.TraversableLike$$anonfun$flatMap$1.apply(TraversableLike.scala:252)</element>
      <element>scala.collection.TraversableLike$$anonfun$flatMap$1.apply(TraversableLike.scala:252)</element>
      <element>scala.collection.IndexedSeqOptimized$class.foreach(IndexedSeqOptimized.scala:33)</element>
      <element>scala.collection.mutable.ArrayOps$ofRef.foreach(ArrayOps.scala:186)</element>
      <element>scala.collection.TraversableLike$class.flatMap(TraversableLike.scala:252)</element>
      <element>scala.collection.mutable.ArrayOps$ofRef.flatMap(ArrayOps.scala:186)</element>
      <element>info.kwarc.mmt.api.archives.WritableArchive.traverse(Archive.scala:98)</element>
      <element>info.kwarc.mmt.api.archives.WritableArchive.info$kwarc$mmt$api$archives$WritableArchive$$recurse$1(Archive.scala:93)</element>
      <element>info.kwarc.mmt.api.archives.WritableArchive$$anonfun$5.apply(Archive.scala:98)</element>
      <element>info.kwarc.mmt.api.archives.WritableArchive$$anonfun$5.apply(Archive.scala:98)</element>
      <element>scala.collection.TraversableLike$$anonfun$flatMap$1.apply(TraversableLike.scala:252)</element>
      <element>scala.collection.TraversableLike$$anonfun$flatMap$1.apply(TraversableLike.scala:252)</element>
      <element>scala.collection.IndexedSeqOptimized$class.foreach(IndexedSeqOptimized.scala:33)</element>
      <element>scala.collection.mutable.ArrayOps$ofRef.foreach(ArrayOps.scala:186)</element>
      <element>scala.collection.TraversableLike$class.flatMap(TraversableLike.scala:252)</element>
      <element>scala.collection.mutable.ArrayOps$ofRef.flatMap(ArrayOps.scala:186)</element>
      <element>info.kwarc.mmt.api.archives.WritableArchive.traverse(Archive.scala:98)</element>
      <element>info.kwarc.mmt.api.archives.TraversingBuildTarget.info$kwarc$mmt$api$archives$TraversingBuildTarget$$buildAux(BuildTarget.scala:171)</element>
      <element>info.kwarc.mmt.api.archives.TraversingBuildTarget.build(BuildTarget.scala:159)</element>
      <element>info.kwarc.mmt.api.archives.TraversingBuildTarget.build(BuildTarget.scala:157)</element>
      <element>info.kwarc.mmt.api.archives.BuildTarget.apply(BuildTarget.scala:57)</element>
      <element>info.kwarc.mmt.api.frontend.Controller$$anonfun$handle$5.apply(Controller.scala:521)</element>
      <element>info.kwarc.mmt.api.frontend.Controller$$anonfun$handle$5.apply(Controller.scala:495)</element>
      <element>scala.collection.immutable.List.foreach(List.scala:381)</element>
      <element>info.kwarc.mmt.api.frontend.Controller.handle(Controller.scala:495)</element>
      <element>info.kwarc.mmt.api.frontend.Controller$$anonfun$handle$16.apply(Controller.scala:615)</element>
      <element>info.kwarc.mmt.api.frontend.Controller$$anonfun$handle$16.apply(Controller.scala:615)</element>
      <element>scala.collection.immutable.List.foreach(List.scala:381)</element>
      <element>info.kwarc.mmt.api.frontend.Controller.handle(Controller.scala:615)</element>
      <element>info.kwarc.mmt.api.frontend.Controller$$anonfun$handle$15.apply(Controller.scala:595)</element>
      <element>info.kwarc.mmt.api.frontend.Controller$$anonfun$handle$15.apply(Controller.scala:594)</element>
      <element>scala.Option.foreach(Option.scala:257)</element>
      <element>info.kwarc.mmt.api.frontend.Controller.handle(Controller.scala:594)</element>
      <element>info.kwarc.mmt.api.frontend.Controller.handleLine(Controller.scala:458)</element>
      <element>info.kwarc.mmt.api.frontend.Shell$$anonfun$main$1.apply(Shell.scala:79)</element>
      <element>info.kwarc.mmt.api.frontend.Shell$$anonfun$main$1.apply(Shell.scala:79)</element>
      <element>scala.collection.IndexedSeqOptimized$class.foreach(IndexedSeqOptimized.scala:33)</element>
      <element>scala.collection.mutable.ArrayOps$ofRef.foreach(ArrayOps.scala:186)</element>
      <element>info.kwarc.mmt.api.frontend.Shell.main(Shell.scala:79)</element>
      <element>info.kwarc.mmt.api.frontend.Run.main(Shell.scala)</element>
    </stacktrace>
  </cause>
</error>
</errors>
