<errors>
<error target="twelf-omdoc" sref="file:/var/data/localmh/MathHub/MMT/LATIN/source/logics/first-order/soundness/sfolsound.elf#-1.14.69:-1.14.76" type="info.kwarc.mmt.api.SourceError" shortMsg="Undeclared identifier forall1" level="1">
  source error (twelf-omdoc) at file:/var/data/localmh/MathHub/MMT/LATIN/source/logics/first-order/soundness/sfolsound.elf#-1.14.69:-1.14.76
/var/data/localmh/MathHub/MMT/LATIN/source/logics/first-order/soundness/sfolsound.elf:14.14-14.94 Error: 
Ambiguous level
The level of this term could not be inferred
Defaulting to object level
/var/data/localmh/MathHub/MMT/LATIN/source/logics/first-order/soundness/sfolsound.elf:14.19-14.23 Error: 
Ambiguous reconstruction
Inferred: `%A1%
Free variable has ambiguous type
/var/data/localmh/MathHub/MMT/LATIN/source/logics/first-order/soundness/sfolsound.elf:14.19-14.23 Error: 
Type mismatch
Expected: type
Inferred: `%A1%
Level clash
Classifier in declaration must be a type
/var/data/localmh/MathHub/MMT/LATIN/source/logics/first-order/soundness/sfolsound.elf:14.29-14.33 Error: 
Ambiguous reconstruction
Inferred: {x:STTIFOLEQ.elem sort} `%A2%
Free variable has ambiguous type
/var/data/localmh/MathHub/MMT/LATIN/source/logics/first-order/soundness/sfolsound.elf:14.29-14.35 Error: 
Type mismatch
Expected: type
Inferred: `%A2%
Level clash
Left-hand side of arrow must be a type
[Closing file /var/data/localmh/MathHub/MMT/LATIN/source/logics/first-order/soundness/sfolsound.elf]
/var/data/localmh/MathHub/MMT/LATIN/source/logics/first-order/soundness/sfolsound.elf:14.3-14.97 Error: 
 6 errors found
%% ABORT %%
  <stacktrace>
    <element>info.kwarc.mmt.api.CompilerError$.apply(Error.scala:102)</element>
    <element>info.kwarc.mmt.lf.Twelf.importDocument(Twelf.scala:114)</element>
    <element>info.kwarc.mmt.api.archives.Importer.buildFile(Index.scala:39)</element>
    <element>info.kwarc.mmt.api.archives.TraversingBuildTarget$$anonfun$info$kwarc$mmt$api$archives$TraversingBuildTarget$$buildAux$2.apply(BuildTarget.scala:184)</element>
    <element>info.kwarc.mmt.api.archives.TraversingBuildTarget$$anonfun$info$kwarc$mmt$api$archives$TraversingBuildTarget$$buildAux$2.apply(BuildTarget.scala:171)</element>
    <element>info.kwarc.mmt.api.archives.WritableArchive.traverse(Archive.scala:105)</element>
    <element>info.kwarc.mmt.api.archives.WritableArchive.info$kwarc$mmt$api$archives$WritableArchive$$recurse$1(Archive.scala:93)</element>
    <element>info.kwarc.mmt.api.archives.WritableArchive$$anonfun$5.apply(Archive.scala:98)</element>
    <element>info.kwarc.mmt.api.archives.WritableArchive$$anonfun$5.apply(Archive.scala:98)</element>
    <element>scala.collection.TraversableLike$$anonfun$flatMap$1.apply(TraversableLike.scala:252)</element>
    <element>scala.collection.TraversableLike$$anonfun$flatMap$1.apply(TraversableLike.scala:252)</element>
    <element>scala.collection.IndexedSeqOptimized$class.foreach(IndexedSeqOptimized.scala:33)</element>
    <element>scala.collection.mutable.ArrayOps$ofRef.foreach(ArrayOps.scala:186)</element>
    <element>scala.collection.TraversableLike$class.flatMap(TraversableLike.scala:252)</element>
    <element>scala.collection.mutable.ArrayOps$ofRef.flatMap(ArrayOps.scala:186)</element>
    <element>info.kwarc.mmt.api.archives.WritableArchive.traverse(Archive.scala:98)</element>
    <element>info.kwarc.mmt.api.archives.WritableArchive.info$kwarc$mmt$api$archives$WritableArchive$$recurse$1(Archive.scala:93)</element>
    <element>info.kwarc.mmt.api.archives.WritableArchive$$anonfun$5.apply(Archive.scala:98)</element>
    <element>info.kwarc.mmt.api.archives.WritableArchive$$anonfun$5.apply(Archive.scala:98)</element>
    <element>scala.collection.TraversableLike$$anonfun$flatMap$1.apply(TraversableLike.scala:252)</element>
    <element>scala.collection.TraversableLike$$anonfun$flatMap$1.apply(TraversableLike.scala:252)</element>
    <element>scala.collection.IndexedSeqOptimized$class.foreach(IndexedSeqOptimized.scala:33)</element>
    <element>scala.collection.mutable.ArrayOps$ofRef.foreach(ArrayOps.scala:186)</element>
    <element>scala.collection.TraversableLike$class.flatMap(TraversableLike.scala:252)</element>
    <element>scala.collection.mutable.ArrayOps$ofRef.flatMap(ArrayOps.scala:186)</element>
    <element>info.kwarc.mmt.api.archives.WritableArchive.traverse(Archive.scala:98)</element>
    <element>info.kwarc.mmt.api.archives.WritableArchive.info$kwarc$mmt$api$archives$WritableArchive$$recurse$1(Archive.scala:93)</element>
    <element>info.kwarc.mmt.api.archives.WritableArchive$$anonfun$5.apply(Archive.scala:98)</element>
    <element>info.kwarc.mmt.api.archives.WritableArchive$$anonfun$5.apply(Archive.scala:98)</element>
    <element>scala.collection.TraversableLike$$anonfun$flatMap$1.apply(TraversableLike.scala:252)</element>
    <element>scala.collection.TraversableLike$$anonfun$flatMap$1.apply(TraversableLike.scala:252)</element>
    <element>scala.collection.IndexedSeqOptimized$class.foreach(IndexedSeqOptimized.scala:33)</element>
    <element>scala.collection.mutable.ArrayOps$ofRef.foreach(ArrayOps.scala:186)</element>
    <element>scala.collection.TraversableLike$class.flatMap(TraversableLike.scala:252)</element>
    <element>scala.collection.mutable.ArrayOps$ofRef.flatMap(ArrayOps.scala:186)</element>
    <element>info.kwarc.mmt.api.archives.WritableArchive.traverse(Archive.scala:98)</element>
    <element>info.kwarc.mmt.api.archives.WritableArchive.info$kwarc$mmt$api$archives$WritableArchive$$recurse$1(Archive.scala:93)</element>
    <element>info.kwarc.mmt.api.archives.WritableArchive$$anonfun$5.apply(Archive.scala:98)</element>
    <element>info.kwarc.mmt.api.archives.WritableArchive$$anonfun$5.apply(Archive.scala:98)</element>
    <element>scala.collection.TraversableLike$$anonfun$flatMap$1.apply(TraversableLike.scala:252)</element>
    <element>scala.collection.TraversableLike$$anonfun$flatMap$1.apply(TraversableLike.scala:252)</element>
    <element>scala.collection.IndexedSeqOptimized$class.foreach(IndexedSeqOptimized.scala:33)</element>
    <element>scala.collection.mutable.ArrayOps$ofRef.foreach(ArrayOps.scala:186)</element>
    <element>scala.collection.TraversableLike$class.flatMap(TraversableLike.scala:252)</element>
    <element>scala.collection.mutable.ArrayOps$ofRef.flatMap(ArrayOps.scala:186)</element>
    <element>info.kwarc.mmt.api.archives.WritableArchive.traverse(Archive.scala:98)</element>
    <element>info.kwarc.mmt.api.archives.TraversingBuildTarget.info$kwarc$mmt$api$archives$TraversingBuildTarget$$buildAux(BuildTarget.scala:171)</element>
    <element>info.kwarc.mmt.api.archives.TraversingBuildTarget.build(BuildTarget.scala:159)</element>
    <element>info.kwarc.mmt.api.archives.TraversingBuildTarget.build(BuildTarget.scala:157)</element>
    <element>info.kwarc.mmt.api.archives.BuildTarget.apply(BuildTarget.scala:57)</element>
    <element>info.kwarc.mmt.api.frontend.Controller$$anonfun$handle$5.apply(Controller.scala:521)</element>
    <element>info.kwarc.mmt.api.frontend.Controller$$anonfun$handle$5.apply(Controller.scala:495)</element>
    <element>scala.collection.immutable.List.foreach(List.scala:381)</element>
    <element>info.kwarc.mmt.api.frontend.Controller.handle(Controller.scala:495)</element>
    <element>info.kwarc.mmt.api.frontend.Controller$$anonfun$handle$16.apply(Controller.scala:615)</element>
    <element>info.kwarc.mmt.api.frontend.Controller$$anonfun$handle$16.apply(Controller.scala:615)</element>
    <element>scala.collection.immutable.List.foreach(List.scala:381)</element>
    <element>info.kwarc.mmt.api.frontend.Controller.handle(Controller.scala:615)</element>
    <element>info.kwarc.mmt.api.frontend.Controller$$anonfun$handle$15.apply(Controller.scala:595)</element>
    <element>info.kwarc.mmt.api.frontend.Controller$$anonfun$handle$15.apply(Controller.scala:594)</element>
    <element>scala.Option.foreach(Option.scala:257)</element>
    <element>info.kwarc.mmt.api.frontend.Controller.handle(Controller.scala:594)</element>
    <element>info.kwarc.mmt.api.frontend.Controller.handleLine(Controller.scala:458)</element>
    <element>info.kwarc.mmt.api.frontend.Shell$$anonfun$main$1.apply(Shell.scala:79)</element>
    <element>info.kwarc.mmt.api.frontend.Shell$$anonfun$main$1.apply(Shell.scala:79)</element>
    <element>scala.collection.IndexedSeqOptimized$class.foreach(IndexedSeqOptimized.scala:33)</element>
    <element>scala.collection.mutable.ArrayOps$ofRef.foreach(ArrayOps.scala:186)</element>
    <element>info.kwarc.mmt.api.frontend.Shell.main(Shell.scala:79)</element>
    <element>info.kwarc.mmt.api.frontend.Run.main(Shell.scala)</element>
  </stacktrace>
</error>
<error 
type="info.kwarc.mmt.api.ParseError" shortMsg="parse error: symbol level element expected: &lt;definition xmlns:ur=&quot;http://cds.omdoc.org/urtheories&quot; xmlns:mmt=&quot;http://cds.omdoc.org/mmt&quot; xmlns:om=&quot;http://www.openmath.org/OpenMath&quot; xmlns=&quot;http://omdoc.org/ns&quot;&gt;&lt;OMOBJ&gt;&lt;om:OMS module=&quot;Base&quot; base=&quot;soundness&quot;/&gt;&lt;/OMOBJ&gt;&lt;/definition&gt;" level="2">
  <stacktrace>
    <element>info.kwarc.mmt.api.backend.XMLReader.readInModule(ReadXML.scala:305)</element>
    <element>info.kwarc.mmt.api.backend.XMLReader$$anonfun$readInModule$5.apply(ReadXML.scala:242)</element>
    <element>info.kwarc.mmt.api.backend.XMLReader$$anonfun$readInModule$5.apply(ReadXML.scala:242)</element>
    <element>scala.collection.immutable.List.foreach(List.scala:381)</element>
    <element>info.kwarc.mmt.api.backend.XMLReader.readInModule(ReadXML.scala:242)</element>
    <element>info.kwarc.mmt.api.backend.XMLReader.readIn(ReadXML.scala:64)</element>
    <element>info.kwarc.mmt.api.backend.XMLStreamer$ConsParser.elem(StreamXML.scala:135)</element>
    <element>scala.xml.parsing.MarkupParser$class.element1(MarkupParser.scala:593)</element>
    <element>scala.xml.parsing.ConstructingParser.element1(ConstructingParser.scala:48)</element>
    <element>scala.xml.parsing.MarkupParser$class.content1(MarkupParser.scala:433)</element>
    <element>scala.xml.parsing.ConstructingParser.content1(ConstructingParser.scala:48)</element>
    <element>scala.xml.parsing.MarkupParser$class.content(MarkupParser.scala:459)</element>
    <element>scala.xml.parsing.ConstructingParser.content(ConstructingParser.scala:48)</element>
    <element>scala.xml.parsing.MarkupParser$class.element1(MarkupParser.scala:588)</element>
    <element>scala.xml.parsing.ConstructingParser.element1(ConstructingParser.scala:48)</element>
    <element>scala.xml.parsing.MarkupParser$class.content1(MarkupParser.scala:433)</element>
    <element>scala.xml.parsing.ConstructingParser.content1(ConstructingParser.scala:48)</element>
    <element>scala.xml.parsing.MarkupParser$class.content(MarkupParser.scala:459)</element>
    <element>scala.xml.parsing.ConstructingParser.content(ConstructingParser.scala:48)</element>
    <element>scala.xml.parsing.MarkupParser$class.element1(MarkupParser.scala:588)</element>
    <element>scala.xml.parsing.ConstructingParser.element1(ConstructingParser.scala:48)</element>
    <element>scala.xml.parsing.MarkupParser$class.content1(MarkupParser.scala:433)</element>
    <element>scala.xml.parsing.ConstructingParser.content1(ConstructingParser.scala:48)</element>
    <element>scala.xml.parsing.MarkupParser$class.content(MarkupParser.scala:459)</element>
    <element>scala.xml.parsing.ConstructingParser.content(ConstructingParser.scala:48)</element>
    <element>scala.xml.parsing.MarkupParser$class.document(MarkupParser.scala:244)</element>
    <element>scala.xml.parsing.ConstructingParser.document(ConstructingParser.scala:48)</element>
    <element>info.kwarc.mmt.api.backend.XMLStreamer$$anonfun$apply$1.apply$mcV$sp(StreamXML.scala:67)</element>
    <element>info.kwarc.mmt.api.ErrorHandler.catchIn(Error.scala:165)</element>
    <element>info.kwarc.mmt.api.backend.XMLStreamer.apply(StreamXML.scala:66)</element>
    <element>info.kwarc.mmt.api.checking.TwoStepInterpreter.apply(Interpreter.scala:44)</element>
    <element>info.kwarc.mmt.api.frontend.Controller.read(Controller.scala:427)</element>
    <element>info.kwarc.mmt.lf.Twelf.importDocument(Twelf.scala:129)</element>
    <element>info.kwarc.mmt.api.archives.Importer.buildFile(Index.scala:39)</element>
    <element>info.kwarc.mmt.api.archives.TraversingBuildTarget$$anonfun$info$kwarc$mmt$api$archives$TraversingBuildTarget$$buildAux$2.apply(BuildTarget.scala:184)</element>
    <element>info.kwarc.mmt.api.archives.TraversingBuildTarget$$anonfun$info$kwarc$mmt$api$archives$TraversingBuildTarget$$buildAux$2.apply(BuildTarget.scala:171)</element>
    <element>info.kwarc.mmt.api.archives.WritableArchive.traverse(Archive.scala:105)</element>
    <element>info.kwarc.mmt.api.archives.WritableArchive.info$kwarc$mmt$api$archives$WritableArchive$$recurse$1(Archive.scala:93)</element>
    <element>info.kwarc.mmt.api.archives.WritableArchive$$anonfun$5.apply(Archive.scala:98)</element>
    <element>info.kwarc.mmt.api.archives.WritableArchive$$anonfun$5.apply(Archive.scala:98)</element>
    <element>scala.collection.TraversableLike$$anonfun$flatMap$1.apply(TraversableLike.scala:252)</element>
    <element>scala.collection.TraversableLike$$anonfun$flatMap$1.apply(TraversableLike.scala:252)</element>
    <element>scala.collection.IndexedSeqOptimized$class.foreach(IndexedSeqOptimized.scala:33)</element>
    <element>scala.collection.mutable.ArrayOps$ofRef.foreach(ArrayOps.scala:186)</element>
    <element>scala.collection.TraversableLike$class.flatMap(TraversableLike.scala:252)</element>
    <element>scala.collection.mutable.ArrayOps$ofRef.flatMap(ArrayOps.scala:186)</element>
    <element>info.kwarc.mmt.api.archives.WritableArchive.traverse(Archive.scala:98)</element>
    <element>info.kwarc.mmt.api.archives.WritableArchive.info$kwarc$mmt$api$archives$WritableArchive$$recurse$1(Archive.scala:93)</element>
    <element>info.kwarc.mmt.api.archives.WritableArchive$$anonfun$5.apply(Archive.scala:98)</element>
    <element>info.kwarc.mmt.api.archives.WritableArchive$$anonfun$5.apply(Archive.scala:98)</element>
    <element>scala.collection.TraversableLike$$anonfun$flatMap$1.apply(TraversableLike.scala:252)</element>
    <element>scala.collection.TraversableLike$$anonfun$flatMap$1.apply(TraversableLike.scala:252)</element>
    <element>scala.collection.IndexedSeqOptimized$class.foreach(IndexedSeqOptimized.scala:33)</element>
    <element>scala.collection.mutable.ArrayOps$ofRef.foreach(ArrayOps.scala:186)</element>
    <element>scala.collection.TraversableLike$class.flatMap(TraversableLike.scala:252)</element>
    <element>scala.collection.mutable.ArrayOps$ofRef.flatMap(ArrayOps.scala:186)</element>
    <element>info.kwarc.mmt.api.archives.WritableArchive.traverse(Archive.scala:98)</element>
    <element>info.kwarc.mmt.api.archives.WritableArchive.info$kwarc$mmt$api$archives$WritableArchive$$recurse$1(Archive.scala:93)</element>
    <element>info.kwarc.mmt.api.archives.WritableArchive$$anonfun$5.apply(Archive.scala:98)</element>
    <element>info.kwarc.mmt.api.archives.WritableArchive$$anonfun$5.apply(Archive.scala:98)</element>
    <element>scala.collection.TraversableLike$$anonfun$flatMap$1.apply(TraversableLike.scala:252)</element>
    <element>scala.collection.TraversableLike$$anonfun$flatMap$1.apply(TraversableLike.scala:252)</element>
    <element>scala.collection.IndexedSeqOptimized$class.foreach(IndexedSeqOptimized.scala:33)</element>
    <element>scala.collection.mutable.ArrayOps$ofRef.foreach(ArrayOps.scala:186)</element>
    <element>scala.collection.TraversableLike$class.flatMap(TraversableLike.scala:252)</element>
    <element>scala.collection.mutable.ArrayOps$ofRef.flatMap(ArrayOps.scala:186)</element>
    <element>info.kwarc.mmt.api.archives.WritableArchive.traverse(Archive.scala:98)</element>
    <element>info.kwarc.mmt.api.archives.WritableArchive.info$kwarc$mmt$api$archives$WritableArchive$$recurse$1(Archive.scala:93)</element>
    <element>info.kwarc.mmt.api.archives.WritableArchive$$anonfun$5.apply(Archive.scala:98)</element>
    <element>info.kwarc.mmt.api.archives.WritableArchive$$anonfun$5.apply(Archive.scala:98)</element>
    <element>scala.collection.TraversableLike$$anonfun$flatMap$1.apply(TraversableLike.scala:252)</element>
    <element>scala.collection.TraversableLike$$anonfun$flatMap$1.apply(TraversableLike.scala:252)</element>
    <element>scala.collection.IndexedSeqOptimized$class.foreach(IndexedSeqOptimized.scala:33)</element>
    <element>scala.collection.mutable.ArrayOps$ofRef.foreach(ArrayOps.scala:186)</element>
    <element>scala.collection.TraversableLike$class.flatMap(TraversableLike.scala:252)</element>
    <element>scala.collection.mutable.ArrayOps$ofRef.flatMap(ArrayOps.scala:186)</element>
    <element>info.kwarc.mmt.api.archives.WritableArchive.traverse(Archive.scala:98)</element>
    <element>info.kwarc.mmt.api.archives.TraversingBuildTarget.info$kwarc$mmt$api$archives$TraversingBuildTarget$$buildAux(BuildTarget.scala:171)</element>
    <element>info.kwarc.mmt.api.archives.TraversingBuildTarget.build(BuildTarget.scala:159)</element>
    <element>info.kwarc.mmt.api.archives.TraversingBuildTarget.build(BuildTarget.scala:157)</element>
    <element>info.kwarc.mmt.api.archives.BuildTarget.apply(BuildTarget.scala:57)</element>
    <element>info.kwarc.mmt.api.frontend.Controller$$anonfun$handle$5.apply(Controller.scala:521)</element>
    <element>info.kwarc.mmt.api.frontend.Controller$$anonfun$handle$5.apply(Controller.scala:495)</element>
    <element>scala.collection.immutable.List.foreach(List.scala:381)</element>
    <element>info.kwarc.mmt.api.frontend.Controller.handle(Controller.scala:495)</element>
    <element>info.kwarc.mmt.api.frontend.Controller$$anonfun$handle$16.apply(Controller.scala:615)</element>
    <element>info.kwarc.mmt.api.frontend.Controller$$anonfun$handle$16.apply(Controller.scala:615)</element>
    <element>scala.collection.immutable.List.foreach(List.scala:381)</element>
    <element>info.kwarc.mmt.api.frontend.Controller.handle(Controller.scala:615)</element>
    <element>info.kwarc.mmt.api.frontend.Controller$$anonfun$handle$15.apply(Controller.scala:595)</element>
    <element>info.kwarc.mmt.api.frontend.Controller$$anonfun$handle$15.apply(Controller.scala:594)</element>
    <element>scala.Option.foreach(Option.scala:257)</element>
    <element>info.kwarc.mmt.api.frontend.Controller.handle(Controller.scala:594)</element>
    <element>info.kwarc.mmt.api.frontend.Controller.handleLine(Controller.scala:458)</element>
    <element>info.kwarc.mmt.api.frontend.Shell$$anonfun$main$1.apply(Shell.scala:79)</element>
    <element>info.kwarc.mmt.api.frontend.Shell$$anonfun$main$1.apply(Shell.scala:79)</element>
    <element>scala.collection.IndexedSeqOptimized$class.foreach(IndexedSeqOptimized.scala:33)</element>
    <element>scala.collection.mutable.ArrayOps$ofRef.foreach(ArrayOps.scala:186)</element>
    <element>info.kwarc.mmt.api.frontend.Shell.main(Shell.scala:79)</element>
    <element>info.kwarc.mmt.api.frontend.Run.main(Shell.scala)</element>
  </stacktrace>
</error>

</errors>
