<errors>
<error 
target="twelf-omdoc" sref="file:/var/data/localmh/MathHub/MMT/LATIN/source/logics/common_logic/syntax.elf#-1.5.4:-1.5.17" type="info.kwarc.mmt.api.SourceError" shortMsg="not found: missing module Base in namespace http://latin.omdoc.org/logics/syntax" level="1">
  source error (twelf-omdoc) at file:/var/data/localmh/MathHub/MMT/LATIN/source/logics/common_logic/syntax.elf#-1.5.4:-1.5.17
catalog returned: catalog server did not return a source URL

[Closing file /var/data/localmh/MathHub/MMT/LATIN/source/logics/common_logic/proof_theory.elf]
/var/data/localmh/MathHub/MMT/LATIN/source/logics/common_logic/proof_theory.elf:7.4-7.23 Error: 
Error in the dynamically loaded file containing the missing module BaseCL in namespace http://latin.omdoc.org/logics/syntax
%% ABORT %%
  <stacktrace>
    <element>info.kwarc.mmt.api.CompilerError$.apply(Error.scala:102)</element>
    <element>info.kwarc.mmt.lf.Twelf.importDocument(Twelf.scala:114)</element>
    <element>info.kwarc.mmt.api.archives.Importer.buildFile(Index.scala:39)</element>
    <element>info.kwarc.mmt.api.archives.TraversingBuildTarget$$anonfun$info$kwarc$mmt$api$archives$TraversingBuildTarget$$buildAux$2.apply(BuildTarget.scala:184)</element>
    <element>info.kwarc.mmt.api.archives.TraversingBuildTarget$$anonfun$info$kwarc$mmt$api$archives$TraversingBuildTarget$$buildAux$2.apply(BuildTarget.scala:171)</element>
    <element>info.kwarc.mmt.api.archives.WritableArchive.traverse(Archive.scala:105)</element>
    <element>info.kwarc.mmt.api.archives.WritableArchive.info$kwarc$mmt$api$archives$WritableArchive$$recurse$1(Archive.scala:93)</element>
    <element>info.kwarc.mmt.api.archives.WritableArchive$$anonfun$5.apply(Archive.scala:98)</element>
    <element>info.kwarc.mmt.api.archives.WritableArchive$$anonfun$5.apply(Archive.scala:98)</element>
    <element>scala.collection.TraversableLike$$anonfun$flatMap$1.apply(TraversableLike.scala:252)</element>
    <element>scala.collection.TraversableLike$$anonfun$flatMap$1.apply(TraversableLike.scala:252)</element>
    <element>scala.collection.IndexedSeqOptimized$class.foreach(IndexedSeqOptimized.scala:33)</element>
    <element>scala.collection.mutable.ArrayOps$ofRef.foreach(ArrayOps.scala:186)</element>
    <element>scala.collection.TraversableLike$class.flatMap(TraversableLike.scala:252)</element>
    <element>scala.collection.mutable.ArrayOps$ofRef.flatMap(ArrayOps.scala:186)</element>
    <element>info.kwarc.mmt.api.archives.WritableArchive.traverse(Archive.scala:98)</element>
    <element>info.kwarc.mmt.api.archives.WritableArchive.info$kwarc$mmt$api$archives$WritableArchive$$recurse$1(Archive.scala:93)</element>
    <element>info.kwarc.mmt.api.archives.WritableArchive$$anonfun$5.apply(Archive.scala:98)</element>
    <element>info.kwarc.mmt.api.archives.WritableArchive$$anonfun$5.apply(Archive.scala:98)</element>
    <element>scala.collection.TraversableLike$$anonfun$flatMap$1.apply(TraversableLike.scala:252)</element>
    <element>scala.collection.TraversableLike$$anonfun$flatMap$1.apply(TraversableLike.scala:252)</element>
    <element>scala.collection.IndexedSeqOptimized$class.foreach(IndexedSeqOptimized.scala:33)</element>
    <element>scala.collection.mutable.ArrayOps$ofRef.foreach(ArrayOps.scala:186)</element>
    <element>scala.collection.TraversableLike$class.flatMap(TraversableLike.scala:252)</element>
    <element>scala.collection.mutable.ArrayOps$ofRef.flatMap(ArrayOps.scala:186)</element>
    <element>info.kwarc.mmt.api.archives.WritableArchive.traverse(Archive.scala:98)</element>
    <element>info.kwarc.mmt.api.archives.WritableArchive.info$kwarc$mmt$api$archives$WritableArchive$$recurse$1(Archive.scala:93)</element>
    <element>info.kwarc.mmt.api.archives.WritableArchive$$anonfun$5.apply(Archive.scala:98)</element>
    <element>info.kwarc.mmt.api.archives.WritableArchive$$anonfun$5.apply(Archive.scala:98)</element>
    <element>scala.collection.TraversableLike$$anonfun$flatMap$1.apply(TraversableLike.scala:252)</element>
    <element>scala.collection.TraversableLike$$anonfun$flatMap$1.apply(TraversableLike.scala:252)</element>
    <element>scala.collection.IndexedSeqOptimized$class.foreach(IndexedSeqOptimized.scala:33)</element>
    <element>scala.collection.mutable.ArrayOps$ofRef.foreach(ArrayOps.scala:186)</element>
    <element>scala.collection.TraversableLike$class.flatMap(TraversableLike.scala:252)</element>
    <element>scala.collection.mutable.ArrayOps$ofRef.flatMap(ArrayOps.scala:186)</element>
    <element>info.kwarc.mmt.api.archives.WritableArchive.traverse(Archive.scala:98)</element>
    <element>info.kwarc.mmt.api.archives.TraversingBuildTarget.info$kwarc$mmt$api$archives$TraversingBuildTarget$$buildAux(BuildTarget.scala:171)</element>
    <element>info.kwarc.mmt.api.archives.TraversingBuildTarget.build(BuildTarget.scala:159)</element>
    <element>info.kwarc.mmt.api.archives.TraversingBuildTarget.build(BuildTarget.scala:157)</element>
    <element>info.kwarc.mmt.api.archives.BuildTarget.apply(BuildTarget.scala:57)</element>
    <element>info.kwarc.mmt.api.frontend.Controller$$anonfun$handle$5.apply(Controller.scala:521)</element>
    <element>info.kwarc.mmt.api.frontend.Controller$$anonfun$handle$5.apply(Controller.scala:495)</element>
    <element>scala.collection.immutable.List.foreach(List.scala:381)</element>
    <element>info.kwarc.mmt.api.frontend.Controller.handle(Controller.scala:495)</element>
    <element>info.kwarc.mmt.api.frontend.Controller$$anonfun$handle$16.apply(Controller.scala:615)</element>
    <element>info.kwarc.mmt.api.frontend.Controller$$anonfun$handle$16.apply(Controller.scala:615)</element>
    <element>scala.collection.immutable.List.foreach(List.scala:381)</element>
    <element>info.kwarc.mmt.api.frontend.Controller.handle(Controller.scala:615)</element>
    <element>info.kwarc.mmt.api.frontend.Controller$$anonfun$handle$15.apply(Controller.scala:595)</element>
    <element>info.kwarc.mmt.api.frontend.Controller$$anonfun$handle$15.apply(Controller.scala:594)</element>
    <element>scala.Option.foreach(Option.scala:257)</element>
    <element>info.kwarc.mmt.api.frontend.Controller.handle(Controller.scala:594)</element>
    <element>info.kwarc.mmt.api.frontend.Controller.handleLine(Controller.scala:458)</element>
    <element>info.kwarc.mmt.api.frontend.Shell$$anonfun$main$1.apply(Shell.scala:79)</element>
    <element>info.kwarc.mmt.api.frontend.Shell$$anonfun$main$1.apply(Shell.scala:79)</element>
    <element>scala.collection.IndexedSeqOptimized$class.foreach(IndexedSeqOptimized.scala:33)</element>
    <element>scala.collection.mutable.ArrayOps$ofRef.foreach(ArrayOps.scala:186)</element>
    <element>info.kwarc.mmt.api.frontend.Shell.main(Shell.scala:79)</element>
    <element>info.kwarc.mmt.api.frontend.Run.main(Shell.scala)</element>
  </stacktrace>
</error>

</errors>
