<errors>
<error 
type="info.kwarc.mmt.api.AddError" shortMsg="add error: implicit morphism http://latin.omdoc.org/math?LG induced by http://latin.omdoc.org/math?LG in conflict with existing implicit morphism http://latin.omdoc.org/math?QSG" level="2">
  <stacktrace>
    <element>info.kwarc.mmt.api.libraries.Library.add(Library.scala:490)</element>
    <element>info.kwarc.mmt.api.frontend.Controller$$anonfun$add$1.apply$mcV$sp(Controller.scala:319)</element>
    <element>info.kwarc.mmt.api.frontend.Controller$$anonfun$add$1.apply(Controller.scala:282)</element>
    <element>info.kwarc.mmt.api.frontend.Controller$$anonfun$add$1.apply(Controller.scala:282)</element>
    <element>info.kwarc.mmt.api.frontend.Controller.iterate(Controller.scala:255)</element>
    <element>info.kwarc.mmt.api.frontend.Controller.iterate(Controller.scala:248)</element>
    <element>info.kwarc.mmt.api.frontend.Controller.add(Controller.scala:281)</element>
    <element>info.kwarc.mmt.api.backend.XMLStreamer$ConsParser.info$kwarc$mmt$api$backend$XMLStreamer$ConsParser$$add(StreamXML.scala:80)</element>
    <element>info.kwarc.mmt.api.backend.XMLStreamer$ConsParser.info$kwarc$mmt$api$backend$XMLStreamer$ConsParser$$catchSE(StreamXML.scala:84)</element>
    <element>info.kwarc.mmt.api.backend.XMLStreamer$ConsParser$$anonfun$elemStart$4.apply(StreamXML.scala:107)</element>
    <element>info.kwarc.mmt.api.backend.XMLStreamer$ConsParser$$anonfun$elemStart$4.apply(StreamXML.scala:107)</element>
    <element>info.kwarc.mmt.api.backend.XMLReader.add(ReadXML.scala:30)</element>
    <element>info.kwarc.mmt.api.backend.XMLReader.addModule(ReadXML.scala:33)</element>
    <element>info.kwarc.mmt.api.backend.XMLReader.readInDocument(ReadXML.scala:138)</element>
    <element>info.kwarc.mmt.api.backend.XMLReader.readIn(ReadXML.scala:62)</element>
    <element>info.kwarc.mmt.api.backend.XMLStreamer$ConsParser.elemStart(StreamXML.scala:107)</element>
    <element>scala.xml.parsing.MarkupParser$class.element1(MarkupParser.scala:587)</element>
    <element>scala.xml.parsing.ConstructingParser.element1(ConstructingParser.scala:48)</element>
    <element>scala.xml.parsing.MarkupParser$class.content1(MarkupParser.scala:433)</element>
    <element>scala.xml.parsing.ConstructingParser.content1(ConstructingParser.scala:48)</element>
    <element>scala.xml.parsing.MarkupParser$class.content(MarkupParser.scala:459)</element>
    <element>scala.xml.parsing.ConstructingParser.content(ConstructingParser.scala:48)</element>
    <element>scala.xml.parsing.MarkupParser$class.element1(MarkupParser.scala:588)</element>
    <element>scala.xml.parsing.ConstructingParser.element1(ConstructingParser.scala:48)</element>
    <element>scala.xml.parsing.MarkupParser$class.content1(MarkupParser.scala:433)</element>
    <element>scala.xml.parsing.ConstructingParser.content1(ConstructingParser.scala:48)</element>
    <element>scala.xml.parsing.MarkupParser$class.content(MarkupParser.scala:459)</element>
    <element>scala.xml.parsing.ConstructingParser.content(ConstructingParser.scala:48)</element>
    <element>scala.xml.parsing.MarkupParser$class.document(MarkupParser.scala:244)</element>
    <element>scala.xml.parsing.ConstructingParser.document(ConstructingParser.scala:48)</element>
    <element>info.kwarc.mmt.api.backend.XMLStreamer$$anonfun$apply$1.apply$mcV$sp(StreamXML.scala:67)</element>
    <element>info.kwarc.mmt.api.ErrorHandler.catchIn(Error.scala:165)</element>
    <element>info.kwarc.mmt.api.backend.XMLStreamer.apply(StreamXML.scala:66)</element>
    <element>info.kwarc.mmt.api.checking.TwoStepInterpreter.apply(Interpreter.scala:44)</element>
    <element>info.kwarc.mmt.api.frontend.Controller.read(Controller.scala:427)</element>
    <element>info.kwarc.mmt.lf.Twelf.importDocument(Twelf.scala:129)</element>
    <element>info.kwarc.mmt.api.archives.Importer.buildFile(Index.scala:39)</element>
    <element>info.kwarc.mmt.api.archives.TraversingBuildTarget$$anonfun$info$kwarc$mmt$api$archives$TraversingBuildTarget$$buildAux$2.apply(BuildTarget.scala:184)</element>
    <element>info.kwarc.mmt.api.archives.TraversingBuildTarget$$anonfun$info$kwarc$mmt$api$archives$TraversingBuildTarget$$buildAux$2.apply(BuildTarget.scala:171)</element>
    <element>info.kwarc.mmt.api.archives.WritableArchive.traverse(Archive.scala:105)</element>
    <element>info.kwarc.mmt.api.archives.WritableArchive.info$kwarc$mmt$api$archives$WritableArchive$$recurse$1(Archive.scala:93)</element>
    <element>info.kwarc.mmt.api.archives.WritableArchive$$anonfun$5.apply(Archive.scala:98)</element>
    <element>info.kwarc.mmt.api.archives.WritableArchive$$anonfun$5.apply(Archive.scala:98)</element>
    <element>scala.collection.TraversableLike$$anonfun$flatMap$1.apply(TraversableLike.scala:252)</element>
    <element>scala.collection.TraversableLike$$anonfun$flatMap$1.apply(TraversableLike.scala:252)</element>
    <element>scala.collection.IndexedSeqOptimized$class.foreach(IndexedSeqOptimized.scala:33)</element>
    <element>scala.collection.mutable.ArrayOps$ofRef.foreach(ArrayOps.scala:186)</element>
    <element>scala.collection.TraversableLike$class.flatMap(TraversableLike.scala:252)</element>
    <element>scala.collection.mutable.ArrayOps$ofRef.flatMap(ArrayOps.scala:186)</element>
    <element>info.kwarc.mmt.api.archives.WritableArchive.traverse(Archive.scala:98)</element>
    <element>info.kwarc.mmt.api.archives.WritableArchive.info$kwarc$mmt$api$archives$WritableArchive$$recurse$1(Archive.scala:93)</element>
    <element>info.kwarc.mmt.api.archives.WritableArchive$$anonfun$5.apply(Archive.scala:98)</element>
    <element>info.kwarc.mmt.api.archives.WritableArchive$$anonfun$5.apply(Archive.scala:98)</element>
    <element>scala.collection.TraversableLike$$anonfun$flatMap$1.apply(TraversableLike.scala:252)</element>
    <element>scala.collection.TraversableLike$$anonfun$flatMap$1.apply(TraversableLike.scala:252)</element>
    <element>scala.collection.IndexedSeqOptimized$class.foreach(IndexedSeqOptimized.scala:33)</element>
    <element>scala.collection.mutable.ArrayOps$ofRef.foreach(ArrayOps.scala:186)</element>
    <element>scala.collection.TraversableLike$class.flatMap(TraversableLike.scala:252)</element>
    <element>scala.collection.mutable.ArrayOps$ofRef.flatMap(ArrayOps.scala:186)</element>
    <element>info.kwarc.mmt.api.archives.WritableArchive.traverse(Archive.scala:98)</element>
    <element>info.kwarc.mmt.api.archives.TraversingBuildTarget.info$kwarc$mmt$api$archives$TraversingBuildTarget$$buildAux(BuildTarget.scala:171)</element>
    <element>info.kwarc.mmt.api.archives.TraversingBuildTarget.build(BuildTarget.scala:159)</element>
    <element>info.kwarc.mmt.api.archives.TraversingBuildTarget.build(BuildTarget.scala:157)</element>
    <element>info.kwarc.mmt.api.archives.BuildTarget.apply(BuildTarget.scala:57)</element>
    <element>info.kwarc.mmt.api.frontend.Controller$$anonfun$handle$5.apply(Controller.scala:521)</element>
    <element>info.kwarc.mmt.api.frontend.Controller$$anonfun$handle$5.apply(Controller.scala:495)</element>
    <element>scala.collection.immutable.List.foreach(List.scala:381)</element>
    <element>info.kwarc.mmt.api.frontend.Controller.handle(Controller.scala:495)</element>
    <element>info.kwarc.mmt.api.frontend.Controller$$anonfun$handle$16.apply(Controller.scala:615)</element>
    <element>info.kwarc.mmt.api.frontend.Controller$$anonfun$handle$16.apply(Controller.scala:615)</element>
    <element>scala.collection.immutable.List.foreach(List.scala:381)</element>
    <element>info.kwarc.mmt.api.frontend.Controller.handle(Controller.scala:615)</element>
    <element>info.kwarc.mmt.api.frontend.Controller$$anonfun$handle$15.apply(Controller.scala:595)</element>
    <element>info.kwarc.mmt.api.frontend.Controller$$anonfun$handle$15.apply(Controller.scala:594)</element>
    <element>scala.Option.foreach(Option.scala:257)</element>
    <element>info.kwarc.mmt.api.frontend.Controller.handle(Controller.scala:594)</element>
    <element>info.kwarc.mmt.api.frontend.Controller.handleLine(Controller.scala:458)</element>
    <element>info.kwarc.mmt.api.frontend.Shell$$anonfun$main$1.apply(Shell.scala:79)</element>
    <element>info.kwarc.mmt.api.frontend.Shell$$anonfun$main$1.apply(Shell.scala:79)</element>
    <element>scala.collection.IndexedSeqOptimized$class.foreach(IndexedSeqOptimized.scala:33)</element>
    <element>scala.collection.mutable.ArrayOps$ofRef.foreach(ArrayOps.scala:186)</element>
    <element>info.kwarc.mmt.api.frontend.Shell.main(Shell.scala:79)</element>
    <element>info.kwarc.mmt.api.frontend.Run.main(Shell.scala)</element>
  </stacktrace>
</error>

</errors>
