19:29:03.837	report: logging to file .\mmt.log
19:29:03.839	user: log file .\mmt.log finished
19:29:03.843	user: log+ controller
19:29:03.844	user: log+ controller finished
19:29:03.847	user: log+ archive
19:29:03.849	user: log+ archive finished
19:29:03.851	user: log+ catalog
19:29:03.852	user: log+ catalog finished
19:29:03.855	user: log+ server
19:29:03.856	user: log+ server finished
19:29:03.901	user: plugin info.kwarc.mmt.lf.Plugin
19:29:03.942	user: plugin info.kwarc.mmt.lf.Plugin finished
19:29:03.946	user: foundation info.kwarc.mmt.lf.LFF 
19:29:03.953	user: foundation info.kwarc.mmt.lf.LFF  finished
19:29:03.959	user: file C:\frabe\MMT\src\paths.mmt
19:29:03.962	user: importer info.kwarc.mmt.lf.Twelf C:\other\twelf-mod\bin\twelf-server.bat
19:29:04.181	user: importer info.kwarc.mmt.lf.Twelf C:\other\twelf-mod\bin\twelf-server.bat finished
19:29:04.184	user: archive add C:\other\ombase
19:29:05.823	user: archive add C:\other\ombase finished
19:29:05.826	user: file C:\frabe\MMT\src\paths.mmt finished
19:29:05.841	user: archive latin compile* 
19:29:05.847	archive: entering C:\other\ombase\source
19:29:05.849	archive: entering C:\other\ombase\source\category_theory
19:29:05.856	archive: leaving  C:\other\ombase\source\category_theory
19:29:05.857	archive: entering C:\other\ombase\source\foundations
19:29:05.859	archive: entering C:\other\ombase\source\foundations\isabelle
19:29:05.863	archive: leaving  C:\other\ombase\source\foundations\isabelle
19:29:05.866	archive: entering C:\other\ombase\source\foundations\minimal
19:29:05.869	archive: leaving  C:\other\ombase\source\foundations\minimal
19:29:05.870	archive: entering C:\other\ombase\source\foundations\mizar
19:29:05.875	archive: leaving  C:\other\ombase\source\foundations\mizar
19:29:05.878	archive: entering C:\other\ombase\source\foundations\zfc
19:29:05.882	archive: deleting C:\other\ombase\compiled\foundations\zfc\axioms.elf
19:29:05.885	archive: [source -> compiled] C:\other\ombase\source\foundations\zfc\axioms.elf -> C:\other\ombase\compiled\foundations\zfc\axioms.???
19:29:06.957	archive: leaving  C:\other\ombase\source\foundations\zfc
19:29:06.958	archive: leaving  C:\other\ombase\source\foundations
19:29:06.960	archive: entering C:\other\ombase\source\logics
19:29:06.962	archive: entering C:\other\ombase\source\logics\casl
19:29:06.967	archive: leaving  C:\other\ombase\source\logics\casl
19:29:06.969	archive: entering C:\other\ombase\source\logics\common_logic
19:29:06.990	archive: leaving  C:\other\ombase\source\logics\common_logic
19:29:06.993	archive: entering C:\other\ombase\source\logics\description
19:29:06.996	archive: entering C:\other\ombase\source\logics\description\owl
19:29:07.2	archive: leaving  C:\other\ombase\source\logics\description\owl
19:29:07.6	archive: leaving  C:\other\ombase\source\logics\description
19:29:07.9	archive: entering C:\other\ombase\source\logics\first-order
19:29:07.11	archive: entering C:\other\ombase\source\logics\first-order\model_theory
19:29:07.15	archive: leaving  C:\other\ombase\source\logics\first-order\model_theory
19:29:07.18	archive: entering C:\other\ombase\source\logics\first-order\proof_theory
19:29:07.21	archive: deleting C:\other\ombase\compiled\logics\first-order\proof_theory\derived.elf
19:29:07.27	archive: [source -> compiled] C:\other\ombase\source\logics\first-order\proof_theory\derived.elf -> C:\other\ombase\compiled\logics\first-order\proof_theory\derived.???
19:29:07.270	archive: leaving  C:\other\ombase\source\logics\first-order\proof_theory
19:29:07.271	archive: entering C:\other\ombase\source\logics\first-order\soundness
19:29:07.273	archive: leaving  C:\other\ombase\source\logics\first-order\soundness
19:29:07.275	archive: entering C:\other\ombase\source\logics\first-order\syntax
19:29:07.279	archive: leaving  C:\other\ombase\source\logics\first-order\syntax
19:29:07.280	archive: leaving  C:\other\ombase\source\logics\first-order
19:29:07.281	archive: entering C:\other\ombase\source\logics\higher-order
19:29:07.286	archive: leaving  C:\other\ombase\source\logics\higher-order
19:29:07.287	archive: entering C:\other\ombase\source\logics\modal
19:29:07.290	archive: leaving  C:\other\ombase\source\logics\modal
19:29:07.292	archive: entering C:\other\ombase\source\logics\propositional
19:29:07.294	archive: entering C:\other\ombase\source\logics\propositional\model_theory
19:29:07.296	archive: entering C:\other\ombase\source\logics\propositional\model_theory\categorical
19:29:07.305	archive: leaving  C:\other\ombase\source\logics\propositional\model_theory\categorical
19:29:07.308	archive: leaving  C:\other\ombase\source\logics\propositional\model_theory
19:29:07.310	archive: entering C:\other\ombase\source\logics\propositional\proof_theory
19:29:07.314	archive: leaving  C:\other\ombase\source\logics\propositional\proof_theory
19:29:07.315	archive: entering C:\other\ombase\source\logics\propositional\soundness
19:29:07.317	archive: leaving  C:\other\ombase\source\logics\propositional\soundness
19:29:07.319	archive: entering C:\other\ombase\source\logics\propositional\syntax
19:29:07.322	archive: leaving  C:\other\ombase\source\logics\propositional\syntax
19:29:07.323	archive: leaving  C:\other\ombase\source\logics\propositional
19:29:07.325	archive: entering C:\other\ombase\source\logics\second-order
19:29:07.328	archive: leaving  C:\other\ombase\source\logics\second-order
19:29:07.329	archive: entering C:\other\ombase\source\logics\substructural
19:29:07.332	archive: leaving  C:\other\ombase\source\logics\substructural
19:29:07.334	archive: entering C:\other\ombase\source\logics\tptp
19:29:07.339	archive: leaving  C:\other\ombase\source\logics\tptp
19:29:07.339	archive: leaving  C:\other\ombase\source\logics
19:29:07.341	archive: entering C:\other\ombase\source\math
19:29:07.344	archive: deleting C:\other\ombase\compiled\math\magmas.elf
19:29:07.346	archive: [source -> compiled] C:\other\ombase\source\math\magmas.elf -> C:\other\ombase\compiled\math\magmas.???
19:29:07.516	archive: deleting C:\other\ombase\compiled\math\unsorted.elf
19:29:07.519	archive: [source -> compiled] C:\other\ombase\source\math\unsorted.elf -> C:\other\ombase\compiled\math\unsorted.???
19:29:07.729	archive: leaving  C:\other\ombase\source\math
19:29:07.730	archive: entering C:\other\ombase\source\translations
19:29:07.732	archive: entering C:\other\ombase\source\translations\curry_howard
19:29:07.735	archive: leaving  C:\other\ombase\source\translations\curry_howard
19:29:07.737	archive: entering C:\other\ombase\source\translations\dn
19:29:07.738	archive: entering C:\other\ombase\source\translations\dn\disj-exist
19:29:07.740	archive: leaving  C:\other\ombase\source\translations\dn\disj-exist
19:29:07.743	archive: entering C:\other\ombase\source\translations\dn\Glivenko-Kuroda
19:29:07.745	archive: entering C:\other\ombase\source\translations\dn\Glivenko-Kuroda\fol-ifol
19:29:07.749	archive: leaving  C:\other\ombase\source\translations\dn\Glivenko-Kuroda\fol-ifol
19:29:07.752	archive: entering C:\other\ombase\source\translations\dn\Glivenko-Kuroda\prop-iprop
19:29:07.756	archive: leaving  C:\other\ombase\source\translations\dn\Glivenko-Kuroda\prop-iprop
19:29:07.759	archive: leaving  C:\other\ombase\source\translations\dn\Glivenko-Kuroda
19:29:07.760	archive: leaving  C:\other\ombase\source\translations\dn
19:29:07.762	archive: entering C:\other\ombase\source\translations\fol-sfol
19:29:07.764	archive: leaving  C:\other\ombase\source\translations\fol-sfol
19:29:07.766	archive: entering C:\other\ombase\source\translations\ml-fol
19:29:07.770	archive: leaving  C:\other\ombase\source\translations\ml-fol
19:29:07.771	archive: entering C:\other\ombase\source\translations\prop-hol
19:29:07.774	archive: leaving  C:\other\ombase\source\translations\prop-hol
19:29:07.775	archive: entering C:\other\ombase\source\translations\sfol-fol
19:29:07.778	archive: leaving  C:\other\ombase\source\translations\sfol-fol
19:29:07.780	archive: entering C:\other\ombase\source\translations\sfol-hol
19:29:07.784	archive: leaving  C:\other\ombase\source\translations\sfol-hol
19:29:07.787	archive: entering C:\other\ombase\source\translations\type_theory-zfc
19:29:07.790	archive: leaving  C:\other\ombase\source\translations\type_theory-zfc
19:29:07.792	archive: leaving  C:\other\ombase\source\translations
19:29:07.793	archive: entering C:\other\ombase\source\type_theories
19:29:07.796	archive: entering C:\other\ombase\source\type_theories\Church-style
19:29:07.800	archive: leaving  C:\other\ombase\source\type_theories\Church-style
19:29:07.801	archive: entering C:\other\ombase\source\type_theories\Curry-style
19:29:07.804	archive: leaving  C:\other\ombase\source\type_theories\Curry-style
19:29:07.805	archive: entering C:\other\ombase\source\type_theories\old
19:29:07.809	archive: leaving  C:\other\ombase\source\type_theories\old
19:29:07.810	archive: leaving  C:\other\ombase\source\type_theories
19:29:07.811	archive: leaving  C:\other\ombase\source
19:29:07.813	user: archive latin compile*  finished
19:29:07.815	user: archive latin content* 
19:29:07.819	archive: entering C:\other\ombase\compiled
19:29:07.821	archive: entering C:\other\ombase\compiled\category_theory
19:29:07.826	archive: leaving  C:\other\ombase\compiled\category_theory
19:29:07.827	archive: entering C:\other\ombase\compiled\foundations
19:29:07.829	archive: entering C:\other\ombase\compiled\foundations\hol
19:29:07.833	archive: leaving  C:\other\ombase\compiled\foundations\hol
19:29:07.836	archive: entering C:\other\ombase\compiled\foundations\isabelle
19:29:07.841	archive: leaving  C:\other\ombase\compiled\foundations\isabelle
19:29:07.844	archive: entering C:\other\ombase\compiled\foundations\minimal
19:29:07.849	archive: leaving  C:\other\ombase\compiled\foundations\minimal
19:29:07.850	archive: entering C:\other\ombase\compiled\foundations\mizar
19:29:07.855	archive: leaving  C:\other\ombase\compiled\foundations\mizar
19:29:07.856	archive: entering C:\other\ombase\compiled\foundations\zfc
19:29:07.907	archive: deleting C:\other\ombase\content\http..latin.omdoc.org\foundations\zfc\ZFC.omdoc
19:29:07.911	archive: deleting C:\other\ombase\notation\http..latin.omdoc.org\foundations\zfc\ZFC.not
19:29:07.914	archive: deleting C:\other\ombase\relational\http..latin.omdoc.org\foundations\zfc\ZFC.rel
19:29:07.918	archive: deleting C:\other\ombase\narration\foundations\zfc\axioms.omdoc
19:29:07.922	archive: [COMP ->  ]  C:\other\ombase\compiled\foundations\zfc\axioms.omdoc
19:29:07.924	archive: [  -> NARR]     C:\other\ombase\narration\foundations\zfc\axioms.omdoc
19:29:09.607	archive: [  -> CONT]     C:\other\ombase\content\http..latin.omdoc.org\foundations\zfc\ZFC.omdoc
19:29:12.846	archive: [  -> REL ]     C:\other\ombase\relational\http..latin.omdoc.org\foundations\zfc\ZFC.rel
19:29:12.863	archive: [  -> NOT ]     C:\other\ombase\notation\http..latin.omdoc.org\foundations\zfc\ZFC.not
19:29:12.878	archive: leaving  C:\other\ombase\compiled\foundations\zfc
19:29:12.879	archive: leaving  C:\other\ombase\compiled\foundations
19:29:12.880	archive: entering C:\other\ombase\compiled\logics
19:29:12.882	archive: entering C:\other\ombase\compiled\logics\casl
19:29:12.888	archive: leaving  C:\other\ombase\compiled\logics\casl
19:29:12.889	archive: entering C:\other\ombase\compiled\logics\common_logic
19:29:12.893	archive: leaving  C:\other\ombase\compiled\logics\common_logic
19:29:12.894	archive: entering C:\other\ombase\compiled\logics\description
19:29:12.896	archive: entering C:\other\ombase\compiled\logics\description\owl
19:29:12.902	archive: leaving  C:\other\ombase\compiled\logics\description\owl
19:29:12.905	archive: leaving  C:\other\ombase\compiled\logics\description
19:29:12.906	archive: entering C:\other\ombase\compiled\logics\first-order
19:29:12.907	archive: entering C:\other\ombase\compiled\logics\first-order\model_theory
19:29:12.910	archive: leaving  C:\other\ombase\compiled\logics\first-order\model_theory
19:29:12.912	archive: entering C:\other\ombase\compiled\logics\first-order\proof_theory
19:29:12.927	archive: deleting C:\other\ombase\content\http..latin.omdoc.org\logics\proof_theory\ForallExt.omdoc
19:29:12.930	archive: deleting C:\other\ombase\notation\http..latin.omdoc.org\logics\proof_theory\ForallExt.not
19:29:12.933	archive: deleting C:\other\ombase\relational\http..latin.omdoc.org\logics\proof_theory\ForallExt.rel
19:29:12.936	archive: deleting C:\other\ombase\content\http..latin.omdoc.org\logics\proof_theory\ExistsExt.omdoc
19:29:12.939	archive: deleting C:\other\ombase\notation\http..latin.omdoc.org\logics\proof_theory\ExistsExt.not
19:29:12.943	archive: deleting C:\other\ombase\relational\http..latin.omdoc.org\logics\proof_theory\ExistsExt.rel
19:29:12.947	archive: deleting C:\other\ombase\content\http..latin.omdoc.org\logics\proof_theory\ExistsUnique.omdoc
19:29:12.951	archive: deleting C:\other\ombase\notation\http..latin.omdoc.org\logics\proof_theory\ExistsUnique.not
19:29:12.954	archive: deleting C:\other\ombase\relational\http..latin.omdoc.org\logics\proof_theory\ExistsUnique.rel
19:29:12.958	archive: deleting C:\other\ombase\content\http..latin.omdoc.org\logics\proof_theory\EqualExt.omdoc
19:29:12.961	archive: deleting C:\other\ombase\notation\http..latin.omdoc.org\logics\proof_theory\EqualExt.not
19:29:12.965	archive: deleting C:\other\ombase\relational\http..latin.omdoc.org\logics\proof_theory\EqualExt.rel
19:29:12.969	archive: deleting C:\other\ombase\content\http..latin.omdoc.org\logics\proof_theory\Inequal.omdoc
19:29:12.973	archive: deleting C:\other\ombase\notation\http..latin.omdoc.org\logics\proof_theory\Inequal.not
19:29:12.976	archive: deleting C:\other\ombase\relational\http..latin.omdoc.org\logics\proof_theory\Inequal.rel
19:29:12.980	archive: deleting C:\other\ombase\content\http..latin.omdoc.org\logics\proof_theory\IFOLExt.omdoc
19:29:12.984	archive: deleting C:\other\ombase\notation\http..latin.omdoc.org\logics\proof_theory\IFOLExt.not
19:29:12.987	archive: deleting C:\other\ombase\relational\http..latin.omdoc.org\logics\proof_theory\IFOLExt.rel
19:29:12.990	archive: deleting C:\other\ombase\content\http..latin.omdoc.org\logics\proof_theory\StructuredProofs.omdoc
19:29:12.994	archive: deleting C:\other\ombase\notation\http..latin.omdoc.org\logics\proof_theory\StructuredProofs.not
19:29:12.998	archive: deleting C:\other\ombase\relational\http..latin.omdoc.org\logics\proof_theory\StructuredProofs.rel
19:29:13.1	archive: deleting C:\other\ombase\content\http..latin.omdoc.org\logics\proof_theory\IFOLEQExt.omdoc
19:29:13.5	archive: deleting C:\other\ombase\notation\http..latin.omdoc.org\logics\proof_theory\IFOLEQExt.not
19:29:13.9	archive: deleting C:\other\ombase\relational\http..latin.omdoc.org\logics\proof_theory\IFOLEQExt.rel
19:29:13.13	archive: deleting C:\other\ombase\content\http..latin.omdoc.org\logics\proof_theory\FOLExt.omdoc
19:29:13.17	archive: deleting C:\other\ombase\notation\http..latin.omdoc.org\logics\proof_theory\FOLExt.not
19:29:13.20	archive: deleting C:\other\ombase\relational\http..latin.omdoc.org\logics\proof_theory\FOLExt.rel
19:29:13.24	archive: deleting C:\other\ombase\content\http..latin.omdoc.org\logics\proof_theory\FOLEQExt.omdoc
19:29:13.28	archive: deleting C:\other\ombase\notation\http..latin.omdoc.org\logics\proof_theory\FOLEQExt.not
19:29:13.31	archive: deleting C:\other\ombase\relational\http..latin.omdoc.org\logics\proof_theory\FOLEQExt.rel
19:29:13.34	archive: deleting C:\other\ombase\narration\logics\first-order\proof_theory\derived.omdoc
19:29:13.38	archive: [COMP ->  ]  C:\other\ombase\compiled\logics\first-order\proof_theory\derived.omdoc
19:29:13.40	archive: [  -> NARR]     C:\other\ombase\narration\logics\first-order\proof_theory\derived.omdoc
19:29:13.329	archive: [  -> CONT]     C:\other\ombase\content\http..latin.omdoc.org\logics\proof_theory\ForallExt.omdoc
19:29:13.480	archive: [  -> REL ]     C:\other\ombase\relational\http..latin.omdoc.org\logics\proof_theory\ForallExt.rel
19:29:13.486	archive: [  -> NOT ]     C:\other\ombase\notation\http..latin.omdoc.org\logics\proof_theory\ForallExt.not
19:29:13.490	archive: [  -> CONT]     C:\other\ombase\content\http..latin.omdoc.org\logics\proof_theory\ExistsExt.omdoc
19:29:13.575	archive: [  -> REL ]     C:\other\ombase\relational\http..latin.omdoc.org\logics\proof_theory\ExistsExt.rel
19:29:13.578	archive: [  -> NOT ]     C:\other\ombase\notation\http..latin.omdoc.org\logics\proof_theory\ExistsExt.not
19:29:13.582	archive: [  -> CONT]     C:\other\ombase\content\http..latin.omdoc.org\logics\proof_theory\ExistsUnique.omdoc
19:29:13.656	archive: [  -> REL ]     C:\other\ombase\relational\http..latin.omdoc.org\logics\proof_theory\ExistsUnique.rel
19:29:13.659	archive: [  -> NOT ]     C:\other\ombase\notation\http..latin.omdoc.org\logics\proof_theory\ExistsUnique.not
19:29:13.663	archive: [  -> CONT]     C:\other\ombase\content\http..latin.omdoc.org\logics\proof_theory\EqualExt.omdoc
19:29:13.757	archive: [  -> REL ]     C:\other\ombase\relational\http..latin.omdoc.org\logics\proof_theory\EqualExt.rel
19:29:13.761	archive: [  -> NOT ]     C:\other\ombase\notation\http..latin.omdoc.org\logics\proof_theory\EqualExt.not
19:29:13.765	archive: [  -> CONT]     C:\other\ombase\content\http..latin.omdoc.org\logics\proof_theory\Inequal.omdoc
19:29:13.785	archive: [  -> REL ]     C:\other\ombase\relational\http..latin.omdoc.org\logics\proof_theory\Inequal.rel
19:29:13.789	archive: [  -> NOT ]     C:\other\ombase\notation\http..latin.omdoc.org\logics\proof_theory\Inequal.not
19:29:13.792	archive: [  -> CONT]     C:\other\ombase\content\http..latin.omdoc.org\logics\proof_theory\IFOLExt.omdoc
19:29:13.870	archive: [  -> REL ]     C:\other\ombase\relational\http..latin.omdoc.org\logics\proof_theory\IFOLExt.rel
19:29:13.875	archive: [  -> NOT ]     C:\other\ombase\notation\http..latin.omdoc.org\logics\proof_theory\IFOLExt.not
19:29:13.880	archive: [  -> CONT]     C:\other\ombase\content\http..latin.omdoc.org\logics\proof_theory\StructuredProofs.omdoc
19:29:13.920	archive: [  -> REL ]     C:\other\ombase\relational\http..latin.omdoc.org\logics\proof_theory\StructuredProofs.rel
19:29:13.924	archive: [  -> NOT ]     C:\other\ombase\notation\http..latin.omdoc.org\logics\proof_theory\StructuredProofs.not
19:29:13.928	archive: [  -> CONT]     C:\other\ombase\content\http..latin.omdoc.org\logics\proof_theory\IFOLEQExt.omdoc
19:29:13.933	archive: [  -> REL ]     C:\other\ombase\relational\http..latin.omdoc.org\logics\proof_theory\IFOLEQExt.rel
19:29:13.936	archive: [  -> NOT ]     C:\other\ombase\notation\http..latin.omdoc.org\logics\proof_theory\IFOLEQExt.not
19:29:13.941	archive: [  -> CONT]     C:\other\ombase\content\http..latin.omdoc.org\logics\proof_theory\FOLExt.omdoc
19:29:13.945	archive: [  -> REL ]     C:\other\ombase\relational\http..latin.omdoc.org\logics\proof_theory\FOLExt.rel
19:29:13.949	archive: [  -> NOT ]     C:\other\ombase\notation\http..latin.omdoc.org\logics\proof_theory\FOLExt.not
19:29:13.953	archive: [  -> CONT]     C:\other\ombase\content\http..latin.omdoc.org\logics\proof_theory\FOLEQExt.omdoc
19:29:13.957	archive: [  -> REL ]     C:\other\ombase\relational\http..latin.omdoc.org\logics\proof_theory\FOLEQExt.rel
19:29:13.961	archive: [  -> NOT ]     C:\other\ombase\notation\http..latin.omdoc.org\logics\proof_theory\FOLEQExt.not
19:29:13.967	archive: leaving  C:\other\ombase\compiled\logics\first-order\proof_theory
19:29:13.968	archive: entering C:\other\ombase\compiled\logics\first-order\soundness
19:29:13.971	archive: leaving  C:\other\ombase\compiled\logics\first-order\soundness
19:29:13.973	archive: entering C:\other\ombase\compiled\logics\first-order\syntax
19:29:13.978	archive: leaving  C:\other\ombase\compiled\logics\first-order\syntax
19:29:13.979	archive: leaving  C:\other\ombase\compiled\logics\first-order
19:29:13.980	archive: entering C:\other\ombase\compiled\logics\higher-order
19:29:13.985	archive: leaving  C:\other\ombase\compiled\logics\higher-order
19:29:13.986	archive: entering C:\other\ombase\compiled\logics\modal
19:29:13.990	archive: leaving  C:\other\ombase\compiled\logics\modal
19:29:13.991	archive: entering C:\other\ombase\compiled\logics\propositional
19:29:13.992	archive: entering C:\other\ombase\compiled\logics\propositional\model_theory
19:29:13.994	archive: entering C:\other\ombase\compiled\logics\propositional\model_theory\categorical
19:29:14.6	archive: leaving  C:\other\ombase\compiled\logics\propositional\model_theory\categorical
19:29:14.9	archive: leaving  C:\other\ombase\compiled\logics\propositional\model_theory
19:29:14.10	archive: entering C:\other\ombase\compiled\logics\propositional\proof_theory
19:29:14.16	archive: leaving  C:\other\ombase\compiled\logics\propositional\proof_theory
19:29:14.17	archive: entering C:\other\ombase\compiled\logics\propositional\soundness
19:29:14.19	archive: leaving  C:\other\ombase\compiled\logics\propositional\soundness
19:29:14.21	archive: entering C:\other\ombase\compiled\logics\propositional\syntax
19:29:14.25	archive: leaving  C:\other\ombase\compiled\logics\propositional\syntax
19:29:14.25	archive: leaving  C:\other\ombase\compiled\logics\propositional
19:29:14.27	archive: entering C:\other\ombase\compiled\logics\second-order
19:29:14.30	archive: leaving  C:\other\ombase\compiled\logics\second-order
19:29:14.32	archive: entering C:\other\ombase\compiled\logics\substructural
19:29:14.34	archive: leaving  C:\other\ombase\compiled\logics\substructural
19:29:14.35	archive: entering C:\other\ombase\compiled\logics\tptp
19:29:14.42	archive: leaving  C:\other\ombase\compiled\logics\tptp
19:29:14.42	archive: leaving  C:\other\ombase\compiled\logics
19:29:14.44	archive: entering C:\other\ombase\compiled\math
19:29:14.99	archive: deleting C:\other\ombase\content\http..latin.omdoc.org\math\Magma.omdoc
19:29:14.102	archive: deleting C:\other\ombase\notation\http..latin.omdoc.org\math\Magma.not
19:29:14.104	archive: deleting C:\other\ombase\relational\http..latin.omdoc.org\math\Magma.rel
19:29:14.107	archive: deleting C:\other\ombase\content\http..latin.omdoc.org\math\OppositeMagma.omdoc
19:29:14.110	archive: deleting C:\other\ombase\notation\http..latin.omdoc.org\math\OppositeMagma.not
19:29:14.113	archive: deleting C:\other\ombase\relational\http..latin.omdoc.org\math\OppositeMagma.rel
19:29:14.116	archive: deleting C:\other\ombase\content\http..latin.omdoc.org\math\Commutative.omdoc
19:29:14.119	archive: deleting C:\other\ombase\notation\http..latin.omdoc.org\math\Commutative.not
19:29:14.123	archive: deleting C:\other\ombase\relational\http..latin.omdoc.org\math\Commutative.rel
19:29:14.126	archive: deleting C:\other\ombase\content\http..latin.omdoc.org\math\OppositeCommutative.omdoc
19:29:14.130	archive: deleting C:\other\ombase\notation\http..latin.omdoc.org\math\OppositeCommutative.not
19:29:14.133	archive: deleting C:\other\ombase\relational\http..latin.omdoc.org\math\OppositeCommutative.rel
19:29:14.136	archive: deleting C:\other\ombase\content\http..latin.omdoc.org\math\Semigroup.omdoc
19:29:14.140	archive: deleting C:\other\ombase\notation\http..latin.omdoc.org\math\Semigroup.not
19:29:14.143	archive: deleting C:\other\ombase\relational\http..latin.omdoc.org\math\Semigroup.rel
19:29:14.146	archive: deleting C:\other\ombase\content\http..latin.omdoc.org\math\OppositeSemigroup.omdoc
19:29:14.150	archive: deleting C:\other\ombase\notation\http..latin.omdoc.org\math\OppositeSemigroup.not
19:29:14.153	archive: deleting C:\other\ombase\relational\http..latin.omdoc.org\math\OppositeSemigroup.rel
19:29:14.155	archive: deleting C:\other\ombase\content\http..latin.omdoc.org\math\CommutativeSemigroup.omdoc
19:29:14.159	archive: deleting C:\other\ombase\notation\http..latin.omdoc.org\math\CommutativeSemigroup.not
19:29:14.162	archive: deleting C:\other\ombase\relational\http..latin.omdoc.org\math\CommutativeSemigroup.rel
19:29:14.165	archive: deleting C:\other\ombase\content\http..latin.omdoc.org\math\OppositeCommutativeSemigroup.omdoc
19:29:14.169	archive: deleting C:\other\ombase\notation\http..latin.omdoc.org\math\OppositeCommutativeSemigroup.not
19:29:14.171	archive: deleting C:\other\ombase\relational\http..latin.omdoc.org\math\OppositeCommutativeSemigroup.rel
19:29:14.175	archive: deleting C:\other\ombase\content\http..latin.omdoc.org\math\Idempotent.omdoc
19:29:14.179	archive: deleting C:\other\ombase\notation\http..latin.omdoc.org\math\Idempotent.not
19:29:14.183	archive: deleting C:\other\ombase\relational\http..latin.omdoc.org\math\Idempotent.rel
19:29:14.186	archive: deleting C:\other\ombase\content\http..latin.omdoc.org\math\Band.omdoc
19:29:14.188	archive: deleting C:\other\ombase\notation\http..latin.omdoc.org\math\Band.not
19:29:14.191	archive: deleting C:\other\ombase\relational\http..latin.omdoc.org\math\Band.rel
19:29:14.198	archive: deleting C:\other\ombase\content\http..latin.omdoc.org\math\CancellationLeft.omdoc
19:29:14.201	archive: deleting C:\other\ombase\notation\http..latin.omdoc.org\math\CancellationLeft.not
19:29:14.205	archive: deleting C:\other\ombase\relational\http..latin.omdoc.org\math\CancellationLeft.rel
19:29:14.208	archive: deleting C:\other\ombase\content\http..latin.omdoc.org\math\CancellationRight.omdoc
19:29:14.215	archive: deleting C:\other\ombase\notation\http..latin.omdoc.org\math\CancellationRight.not
19:29:14.220	archive: deleting C:\other\ombase\relational\http..latin.omdoc.org\math\CancellationRight.rel
19:29:14.228	archive: deleting C:\other\ombase\content\http..latin.omdoc.org\math\PointedMagma.omdoc
19:29:14.230	archive: deleting C:\other\ombase\notation\http..latin.omdoc.org\math\PointedMagma.not
19:29:14.235	archive: deleting C:\other\ombase\relational\http..latin.omdoc.org\math\PointedMagma.rel
19:29:14.239	archive: deleting C:\other\ombase\content\http..latin.omdoc.org\math\OppositePointedMagma.omdoc
19:29:14.243	archive: deleting C:\other\ombase\notation\http..latin.omdoc.org\math\OppositePointedMagma.not
19:29:14.246	archive: deleting C:\other\ombase\relational\http..latin.omdoc.org\math\OppositePointedMagma.rel
19:29:14.252	archive: deleting C:\other\ombase\content\http..latin.omdoc.org\math\NeutralElementRight.omdoc
19:29:14.255	archive: deleting C:\other\ombase\notation\http..latin.omdoc.org\math\NeutralElementRight.not
19:29:14.259	archive: deleting C:\other\ombase\relational\http..latin.omdoc.org\math\NeutralElementRight.rel
19:29:14.262	archive: deleting C:\other\ombase\content\http..latin.omdoc.org\math\NeutralElementLeft.omdoc
19:29:14.269	archive: deleting C:\other\ombase\notation\http..latin.omdoc.org\math\NeutralElementLeft.not
19:29:14.272	archive: deleting C:\other\ombase\relational\http..latin.omdoc.org\math\NeutralElementLeft.rel
19:29:14.278	archive: deleting C:\other\ombase\content\http..latin.omdoc.org\math\NeutralElement.omdoc
19:29:14.281	archive: deleting C:\other\ombase\notation\http..latin.omdoc.org\math\NeutralElement.not
19:29:14.286	archive: deleting C:\other\ombase\relational\http..latin.omdoc.org\math\NeutralElement.rel
19:29:14.290	archive: deleting C:\other\ombase\content\http..latin.omdoc.org\math\NELNE.omdoc
19:29:14.296	archive: deleting C:\other\ombase\notation\http..latin.omdoc.org\math\NELNE.not
19:29:14.297	archive: deleting C:\other\ombase\relational\http..latin.omdoc.org\math\NELNE.rel
19:29:14.304	archive: deleting C:\other\ombase\content\http..latin.omdoc.org\math\NERNE.omdoc
19:29:14.310	archive: deleting C:\other\ombase\notation\http..latin.omdoc.org\math\NERNE.not
19:29:14.313	archive: deleting C:\other\ombase\relational\http..latin.omdoc.org\math\NERNE.rel
19:29:14.316	archive: deleting C:\other\ombase\content\http..latin.omdoc.org\math\OppositeNeutralElement.omdoc
19:29:14.324	archive: deleting C:\other\ombase\notation\http..latin.omdoc.org\math\OppositeNeutralElement.not
19:29:14.326	archive: deleting C:\other\ombase\relational\http..latin.omdoc.org\math\OppositeNeutralElement.rel
19:29:14.332	archive: deleting C:\other\ombase\content\http..latin.omdoc.org\math\Monoid.omdoc
19:29:14.335	archive: deleting C:\other\ombase\notation\http..latin.omdoc.org\math\Monoid.not
19:29:14.339	archive: deleting C:\other\ombase\relational\http..latin.omdoc.org\math\Monoid.rel
19:29:14.343	archive: deleting C:\other\ombase\content\http..latin.omdoc.org\math\CommutativeMonoid.omdoc
19:29:14.347	archive: deleting C:\other\ombase\notation\http..latin.omdoc.org\math\CommutativeMonoid.not
19:29:14.351	archive: deleting C:\other\ombase\relational\http..latin.omdoc.org\math\CommutativeMonoid.rel
19:29:14.355	archive: deleting C:\other\ombase\content\http..latin.omdoc.org\math\Inverse.omdoc
19:29:14.359	archive: deleting C:\other\ombase\notation\http..latin.omdoc.org\math\Inverse.not
19:29:14.363	archive: deleting C:\other\ombase\relational\http..latin.omdoc.org\math\Inverse.rel
19:29:14.365	archive: deleting C:\other\ombase\content\http..latin.omdoc.org\math\RightInverse.omdoc
19:29:14.369	archive: deleting C:\other\ombase\notation\http..latin.omdoc.org\math\RightInverse.not
19:29:14.372	archive: deleting C:\other\ombase\relational\http..latin.omdoc.org\math\RightInverse.rel
19:29:14.376	archive: deleting C:\other\ombase\content\http..latin.omdoc.org\math\LeftInverse.omdoc
19:29:14.380	archive: deleting C:\other\ombase\notation\http..latin.omdoc.org\math\LeftInverse.not
19:29:14.383	archive: deleting C:\other\ombase\relational\http..latin.omdoc.org\math\LeftInverse.rel
19:29:14.386	archive: deleting C:\other\ombase\content\http..latin.omdoc.org\math\Group.omdoc
19:29:14.390	archive: deleting C:\other\ombase\notation\http..latin.omdoc.org\math\Group.not
19:29:14.392	archive: deleting C:\other\ombase\relational\http..latin.omdoc.org\math\Group.rel
19:29:14.395	archive: deleting C:\other\ombase\content\http..latin.omdoc.org\math\LIG.omdoc
19:29:14.398	archive: deleting C:\other\ombase\notation\http..latin.omdoc.org\math\LIG.not
19:29:14.399	archive: deleting C:\other\ombase\relational\http..latin.omdoc.org\math\LIG.rel
19:29:14.402	archive: deleting C:\other\ombase\content\http..latin.omdoc.org\math\AbelianGroup.omdoc
19:29:14.405	archive: deleting C:\other\ombase\notation\http..latin.omdoc.org\math\AbelianGroup.not
19:29:14.409	archive: deleting C:\other\ombase\relational\http..latin.omdoc.org\math\AbelianGroup.rel
19:29:14.413	archive: deleting C:\other\ombase\content\http..latin.omdoc.org\math\Division.omdoc
19:29:14.416	archive: deleting C:\other\ombase\notation\http..latin.omdoc.org\math\Division.not
19:29:14.420	archive: deleting C:\other\ombase\relational\http..latin.omdoc.org\math\Division.rel
19:29:14.423	archive: deleting C:\other\ombase\content\http..latin.omdoc.org\math\AbelianDivision.omdoc
19:29:14.426	archive: deleting C:\other\ombase\notation\http..latin.omdoc.org\math\AbelianDivision.not
19:29:14.429	archive: deleting C:\other\ombase\relational\http..latin.omdoc.org\math\AbelianDivision.rel
19:29:14.432	archive: deleting C:\other\ombase\content\http..latin.omdoc.org\math\MD.omdoc
19:29:14.435	archive: deleting C:\other\ombase\notation\http..latin.omdoc.org\math\MD.not
19:29:14.437	archive: deleting C:\other\ombase\relational\http..latin.omdoc.org\math\MD.rel
19:29:14.439	archive: deleting C:\other\ombase\content\http..latin.omdoc.org\math\SD.omdoc
19:29:14.441	archive: deleting C:\other\ombase\notation\http..latin.omdoc.org\math\SD.not
19:29:14.442	archive: deleting C:\other\ombase\relational\http..latin.omdoc.org\math\SD.rel
19:29:14.445	archive: deleting C:\other\ombase\content\http..latin.omdoc.org\math\NER.omdoc
19:29:14.447	archive: deleting C:\other\ombase\notation\http..latin.omdoc.org\math\NER.not
19:29:14.448	archive: deleting C:\other\ombase\relational\http..latin.omdoc.org\math\NER.rel
19:29:14.451	archive: deleting C:\other\ombase\content\http..latin.omdoc.org\math\NEL.omdoc
19:29:14.454	archive: deleting C:\other\ombase\notation\http..latin.omdoc.org\math\NEL.not
19:29:14.455	archive: deleting C:\other\ombase\relational\http..latin.omdoc.org\math\NEL.rel
19:29:14.457	archive: deleting C:\other\ombase\content\http..latin.omdoc.org\math\NE.omdoc
19:29:14.459	archive: deleting C:\other\ombase\notation\http..latin.omdoc.org\math\NE.not
19:29:14.461	archive: deleting C:\other\ombase\relational\http..latin.omdoc.org\math\NE.rel
19:29:14.463	archive: deleting C:\other\ombase\content\http..latin.omdoc.org\math\MND.omdoc
19:29:14.466	archive: deleting C:\other\ombase\notation\http..latin.omdoc.org\math\MND.not
19:29:14.467	archive: deleting C:\other\ombase\relational\http..latin.omdoc.org\math\MND.rel
19:29:14.469	archive: deleting C:\other\ombase\content\http..latin.omdoc.org\math\ID.omdoc
19:29:14.472	archive: deleting C:\other\ombase\notation\http..latin.omdoc.org\math\ID.not
19:29:14.473	archive: deleting C:\other\ombase\relational\http..latin.omdoc.org\math\ID.rel
19:29:14.475	archive: deleting C:\other\ombase\content\http..latin.omdoc.org\math\LI.omdoc
19:29:14.478	archive: deleting C:\other\ombase\notation\http..latin.omdoc.org\math\LI.not
19:29:14.479	archive: deleting C:\other\ombase\relational\http..latin.omdoc.org\math\LI.rel
19:29:14.482	archive: deleting C:\other\ombase\content\http..latin.omdoc.org\math\RI.omdoc
19:29:14.485	archive: deleting C:\other\ombase\notation\http..latin.omdoc.org\math\RI.not
19:29:14.486	archive: deleting C:\other\ombase\relational\http..latin.omdoc.org\math\RI.rel
19:29:14.488	archive: deleting C:\other\ombase\content\http..latin.omdoc.org\math\GD.omdoc
19:29:14.490	archive: deleting C:\other\ombase\notation\http..latin.omdoc.org\math\GD.not
19:29:14.492	archive: deleting C:\other\ombase\relational\http..latin.omdoc.org\math\GD.rel
19:29:14.494	archive: deleting C:\other\ombase\content\http..latin.omdoc.org\math\CD.omdoc
19:29:14.496	archive: deleting C:\other\ombase\notation\http..latin.omdoc.org\math\CD.not
19:29:14.498	archive: deleting C:\other\ombase\relational\http..latin.omdoc.org\math\CD.rel
19:29:14.500	archive: deleting C:\other\ombase\content\http..latin.omdoc.org\math\GCD.omdoc
19:29:14.503	archive: deleting C:\other\ombase\notation\http..latin.omdoc.org\math\GCD.not
19:29:14.504	archive: deleting C:\other\ombase\relational\http..latin.omdoc.org\math\GCD.rel
19:29:14.507	archive: deleting C:\other\ombase\content\http..latin.omdoc.org\math\MG.omdoc
19:29:14.509	archive: deleting C:\other\ombase\notation\http..latin.omdoc.org\math\MG.not
19:29:14.510	archive: deleting C:\other\ombase\relational\http..latin.omdoc.org\math\MG.rel
19:29:14.513	archive: deleting C:\other\ombase\content\http..latin.omdoc.org\math\DG.omdoc
19:29:14.517	archive: deleting C:\other\ombase\notation\http..latin.omdoc.org\math\DG.not
19:29:14.519	archive: deleting C:\other\ombase\relational\http..latin.omdoc.org\math\DG.rel
19:29:14.522	archive: deleting C:\other\ombase\content\http..latin.omdoc.org\math\DCG.omdoc
19:29:14.525	archive: deleting C:\other\ombase\notation\http..latin.omdoc.org\math\DCG.not
19:29:14.528	archive: deleting C:\other\ombase\relational\http..latin.omdoc.org\math\DCG.rel
19:29:14.529	archive: deleting C:\other\ombase\narration\math\magmas.omdoc
19:29:14.532	archive: [COMP ->  ]  C:\other\ombase\compiled\math\magmas.omdoc
19:29:14.533	archive: [  -> NARR]     C:\other\ombase\narration\math\magmas.omdoc
19:29:14.877	error: add error: implicit link http://latin.omdoc.org/math?DG in conflict with existing implicit morphism (mmt?composition)
info.kwarc.mmt.api.libraries.Library.add(Library.scala:343)
info.kwarc.mmt.api.frontend.Controller$$anonfun$add$1.apply$mcV$sp(Controller.scala:206)
info.kwarc.mmt.api.frontend.Controller$$anonfun$add$1.apply(Controller.scala:205)
info.kwarc.mmt.api.frontend.Controller$$anonfun$add$1.apply(Controller.scala:205)
info.kwarc.mmt.api.frontend.Controller.iterate(Controller.scala:180)
info.kwarc.mmt.api.frontend.Controller.iterate(Controller.scala:175)
info.kwarc.mmt.api.frontend.Controller.add(Controller.scala:205)
info.kwarc.mmt.api.frontend.Controller$$anonfun$read$1.apply(Controller.scala:247)
info.kwarc.mmt.api.frontend.Controller$$anonfun$read$1.apply(Controller.scala:243)
info.kwarc.mmt.api.backend.XMLReader.info$kwarc$mmt$api$backend$XMLReader$$add(ReadXML.scala:26)
info.kwarc.mmt.api.backend.XMLReader$$anonfun$readModules$1.apply(ReadXML.scala:112)
info.kwarc.mmt.api.backend.XMLReader$$anonfun$readModules$1.apply(ReadXML.scala:57)
scala.collection.Iterator$class.foreach(Iterator.scala:660)
scala.collection.LinearSeqLike$$anon$1.foreach(LinearSeqLike.scala:50)
scala.collection.IterableLike$class.foreach(IterableLike.scala:73)
scala.xml.NodeSeq.foreach(NodeSeq.scala:43)
info.kwarc.mmt.api.backend.XMLReader.readModules(ReadXML.scala:57)
info.kwarc.mmt.api.backend.XMLReader.readDocument(ReadXML.scala:46)
info.kwarc.mmt.api.frontend.Controller.read(Controller.scala:243)
info.kwarc.mmt.api.archives.IndexedArchive$$anonfun$produceNarrCont$1.apply(Index.scala:54)
info.kwarc.mmt.api.archives.IndexedArchive$$anonfun$produceNarrCont$1.apply(Index.scala:49)
info.kwarc.mmt.api.archives.WritableArchive.traverse(Archive.scala:102)
info.kwarc.mmt.api.archives.IndexedArchive$class.produceNarrCont(Index.scala:49)
info.kwarc.mmt.api.archives.Archive.produceNarrCont(Archive.scala:119)
info.kwarc.mmt.api.archives.IndexedArchive$$anonfun$updateNarrCont$2.apply(Index.scala:97)
info.kwarc.mmt.api.archives.IndexedArchive$$anonfun$updateNarrCont$2.apply(Index.scala:89)
info.kwarc.mmt.api.archives.WritableArchive.traverse(Archive.scala:102)
info.kwarc.mmt.api.archives.WritableArchive$$anonfun$traverse$2.apply(Archive.scala:97)
info.kwarc.mmt.api.archives.WritableArchive$$anonfun$traverse$2.apply(Archive.scala:96)
scala.collection.IndexedSeqOptimized$class.foreach(IndexedSeqOptimized.scala:34)
scala.collection.mutable.ArrayOps.foreach(ArrayOps.scala:38)
info.kwarc.mmt.api.archives.WritableArchive.traverse(Archive.scala:96)
info.kwarc.mmt.api.archives.WritableArchive$$anonfun$traverse$2.apply(Archive.scala:97)
info.kwarc.mmt.api.archives.WritableArchive$$anonfun$traverse$2.apply(Archive.scala:96)
scala.collection.IndexedSeqOptimized$class.foreach(IndexedSeqOptimized.scala:34)
scala.collection.mutable.ArrayOps.foreach(ArrayOps.scala:38)
info.kwarc.mmt.api.archives.WritableArchive.traverse(Archive.scala:96)
info.kwarc.mmt.api.archives.IndexedArchive$class.updateNarrCont(Index.scala:89)
info.kwarc.mmt.api.archives.Archive.updateNarrCont(Archive.scala:119)
info.kwarc.mmt.api.frontend.Controller.handle(Controller.scala:345)
info.kwarc.mmt.api.frontend.Controller.handleLine(Controller.scala:309)
info.kwarc.mmt.api.frontend.Controller$$anonfun$handle$12.apply(Controller.scala:389)
info.kwarc.mmt.api.frontend.Controller$$anonfun$handle$12.apply(Controller.scala:389)
info.kwarc.mmt.api.utils.File$.ReadLineWise(File.scala:71)
info.kwarc.mmt.api.frontend.Controller.handle(Controller.scala:389)
info.kwarc.mmt.api.frontend.Controller.handleLine(Controller.scala:309)
info.kwarc.mmt.api.frontend.Shell.main(Shell.scala:32)
info.kwarc.mmt.api.frontend.Run.main(Shell.scala)
19:29:14.936	error: 
info.kwarc.mmt.api.libraries.Library.add(Library.scala:343)
info.kwarc.mmt.api.frontend.Controller$$anonfun$add$1.apply$mcV$sp(Controller.scala:206)
info.kwarc.mmt.api.frontend.Controller$$anonfun$add$1.apply(Controller.scala:205)
info.kwarc.mmt.api.frontend.Controller$$anonfun$add$1.apply(Controller.scala:205)
info.kwarc.mmt.api.frontend.Controller.iterate(Controller.scala:180)
info.kwarc.mmt.api.frontend.Controller.iterate(Controller.scala:175)
info.kwarc.mmt.api.frontend.Controller.add(Controller.scala:205)
info.kwarc.mmt.api.frontend.Controller$$anonfun$read$1.apply(Controller.scala:247)
info.kwarc.mmt.api.frontend.Controller$$anonfun$read$1.apply(Controller.scala:243)
info.kwarc.mmt.api.backend.XMLReader.info$kwarc$mmt$api$backend$XMLReader$$add(ReadXML.scala:26)
info.kwarc.mmt.api.backend.XMLReader$$anonfun$readModules$1.apply(ReadXML.scala:112)
info.kwarc.mmt.api.backend.XMLReader$$anonfun$readModules$1.apply(ReadXML.scala:57)
scala.collection.Iterator$class.foreach(Iterator.scala:660)
scala.collection.LinearSeqLike$$anon$1.foreach(LinearSeqLike.scala:50)
scala.collection.IterableLike$class.foreach(IterableLike.scala:73)
scala.xml.NodeSeq.foreach(NodeSeq.scala:43)
info.kwarc.mmt.api.backend.XMLReader.readModules(ReadXML.scala:57)
info.kwarc.mmt.api.backend.XMLReader.readDocument(ReadXML.scala:46)
info.kwarc.mmt.api.frontend.Controller.read(Controller.scala:243)
info.kwarc.mmt.api.archives.IndexedArchive$$anonfun$produceNarrCont$1.apply(Index.scala:54)
info.kwarc.mmt.api.archives.IndexedArchive$$anonfun$produceNarrCont$1.apply(Index.scala:49)
info.kwarc.mmt.api.archives.WritableArchive.traverse(Archive.scala:102)
info.kwarc.mmt.api.archives.IndexedArchive$class.produceNarrCont(Index.scala:49)
info.kwarc.mmt.api.archives.Archive.produceNarrCont(Archive.scala:119)
info.kwarc.mmt.api.archives.IndexedArchive$$anonfun$updateNarrCont$2.apply(Index.scala:97)
info.kwarc.mmt.api.archives.IndexedArchive$$anonfun$updateNarrCont$2.apply(Index.scala:89)
info.kwarc.mmt.api.archives.WritableArchive.traverse(Archive.scala:102)
info.kwarc.mmt.api.archives.WritableArchive$$anonfun$traverse$2.apply(Archive.scala:97)
info.kwarc.mmt.api.archives.WritableArchive$$anonfun$traverse$2.apply(Archive.scala:96)
scala.collection.IndexedSeqOptimized$class.foreach(IndexedSeqOptimized.scala:34)
scala.collection.mutable.ArrayOps.foreach(ArrayOps.scala:38)
info.kwarc.mmt.api.archives.WritableArchive.traverse(Archive.scala:96)
info.kwarc.mmt.api.archives.WritableArchive$$anonfun$traverse$2.apply(Archive.scala:97)
info.kwarc.mmt.api.archives.WritableArchive$$anonfun$traverse$2.apply(Archive.scala:96)
scala.collection.IndexedSeqOptimized$class.foreach(IndexedSeqOptimized.scala:34)
scala.collection.mutable.ArrayOps.foreach(ArrayOps.scala:38)
info.kwarc.mmt.api.archives.WritableArchive.traverse(Archive.scala:96)
info.kwarc.mmt.api.archives.IndexedArchive$class.updateNarrCont(Index.scala:89)
info.kwarc.mmt.api.archives.Archive.updateNarrCont(Archive.scala:119)
info.kwarc.mmt.api.frontend.Controller.handle(Controller.scala:345)
info.kwarc.mmt.api.frontend.Controller.handleLine(Controller.scala:309)
info.kwarc.mmt.api.frontend.Controller$$anonfun$handle$12.apply(Controller.scala:389)
info.kwarc.mmt.api.frontend.Controller$$anonfun$handle$12.apply(Controller.scala:389)
info.kwarc.mmt.api.utils.File$.ReadLineWise(File.scala:71)
info.kwarc.mmt.api.frontend.Controller.handle(Controller.scala:389)
info.kwarc.mmt.api.frontend.Controller.handleLine(Controller.scala:309)
info.kwarc.mmt.api.frontend.Shell.main(Shell.scala:32)
info.kwarc.mmt.api.frontend.Run.main(Shell.scala)
19:29:15.25	archive: [COMP ->  ]  C:\other\ombase\compiled\math\unsorted.omdoc
19:29:15.27	archive: [  -> NARR]     C:\other\ombase\narration\math\unsorted.omdoc
19:29:15.260	error: add error: implicit link http://latin.omdoc.org/math?LG in conflict with existing implicit morphism http://latin.omdoc.org/math?QSG
info.kwarc.mmt.api.libraries.Library.add(Library.scala:343)
info.kwarc.mmt.api.frontend.Controller$$anonfun$add$1.apply$mcV$sp(Controller.scala:206)
info.kwarc.mmt.api.frontend.Controller$$anonfun$add$1.apply(Controller.scala:205)
info.kwarc.mmt.api.frontend.Controller$$anonfun$add$1.apply(Controller.scala:205)
info.kwarc.mmt.api.frontend.Controller.iterate(Controller.scala:180)
info.kwarc.mmt.api.frontend.Controller.iterate(Controller.scala:175)
info.kwarc.mmt.api.frontend.Controller.add(Controller.scala:205)
info.kwarc.mmt.api.frontend.Controller$$anonfun$read$1.apply(Controller.scala:247)
info.kwarc.mmt.api.frontend.Controller$$anonfun$read$1.apply(Controller.scala:243)
info.kwarc.mmt.api.backend.XMLReader.info$kwarc$mmt$api$backend$XMLReader$$add(ReadXML.scala:26)
info.kwarc.mmt.api.backend.XMLReader$$anonfun$readModules$1.apply(ReadXML.scala:112)
info.kwarc.mmt.api.backend.XMLReader$$anonfun$readModules$1.apply(ReadXML.scala:57)
scala.collection.Iterator$class.foreach(Iterator.scala:660)
scala.collection.LinearSeqLike$$anon$1.foreach(LinearSeqLike.scala:50)
scala.collection.IterableLike$class.foreach(IterableLike.scala:73)
scala.xml.NodeSeq.foreach(NodeSeq.scala:43)
info.kwarc.mmt.api.backend.XMLReader.readModules(ReadXML.scala:57)
info.kwarc.mmt.api.backend.XMLReader.readDocument(ReadXML.scala:46)
info.kwarc.mmt.api.frontend.Controller.read(Controller.scala:243)
info.kwarc.mmt.api.archives.IndexedArchive$$anonfun$produceNarrCont$1.apply(Index.scala:54)
info.kwarc.mmt.api.archives.IndexedArchive$$anonfun$produceNarrCont$1.apply(Index.scala:49)
info.kwarc.mmt.api.archives.WritableArchive.traverse(Archive.scala:102)
info.kwarc.mmt.api.archives.IndexedArchive$class.produceNarrCont(Index.scala:49)
info.kwarc.mmt.api.archives.Archive.produceNarrCont(Archive.scala:119)
info.kwarc.mmt.api.archives.IndexedArchive$$anonfun$updateNarrCont$2.apply(Index.scala:94)
info.kwarc.mmt.api.archives.IndexedArchive$$anonfun$updateNarrCont$2.apply(Index.scala:89)
info.kwarc.mmt.api.archives.WritableArchive.traverse(Archive.scala:102)
info.kwarc.mmt.api.archives.WritableArchive$$anonfun$traverse$2.apply(Archive.scala:97)
info.kwarc.mmt.api.archives.WritableArchive$$anonfun$traverse$2.apply(Archive.scala:96)
scala.collection.IndexedSeqOptimized$class.foreach(IndexedSeqOptimized.scala:34)
scala.collection.mutable.ArrayOps.foreach(ArrayOps.scala:38)
info.kwarc.mmt.api.archives.WritableArchive.traverse(Archive.scala:96)
info.kwarc.mmt.api.archives.WritableArchive$$anonfun$traverse$2.apply(Archive.scala:97)
info.kwarc.mmt.api.archives.WritableArchive$$anonfun$traverse$2.apply(Archive.scala:96)
scala.collection.IndexedSeqOptimized$class.foreach(IndexedSeqOptimized.scala:34)
scala.collection.mutable.ArrayOps.foreach(ArrayOps.scala:38)
info.kwarc.mmt.api.archives.WritableArchive.traverse(Archive.scala:96)
info.kwarc.mmt.api.archives.IndexedArchive$class.updateNarrCont(Index.scala:89)
info.kwarc.mmt.api.archives.Archive.updateNarrCont(Archive.scala:119)
info.kwarc.mmt.api.frontend.Controller.handle(Controller.scala:345)
info.kwarc.mmt.api.frontend.Controller.handleLine(Controller.scala:309)
info.kwarc.mmt.api.frontend.Controller$$anonfun$handle$12.apply(Controller.scala:389)
info.kwarc.mmt.api.frontend.Controller$$anonfun$handle$12.apply(Controller.scala:389)
info.kwarc.mmt.api.utils.File$.ReadLineWise(File.scala:71)
info.kwarc.mmt.api.frontend.Controller.handle(Controller.scala:389)
info.kwarc.mmt.api.frontend.Controller.handleLine(Controller.scala:309)
info.kwarc.mmt.api.frontend.Shell.main(Shell.scala:32)
info.kwarc.mmt.api.frontend.Run.main(Shell.scala)
19:29:15.312	error: 
info.kwarc.mmt.api.libraries.Library.add(Library.scala:343)
info.kwarc.mmt.api.frontend.Controller$$anonfun$add$1.apply$mcV$sp(Controller.scala:206)
info.kwarc.mmt.api.frontend.Controller$$anonfun$add$1.apply(Controller.scala:205)
info.kwarc.mmt.api.frontend.Controller$$anonfun$add$1.apply(Controller.scala:205)
info.kwarc.mmt.api.frontend.Controller.iterate(Controller.scala:180)
info.kwarc.mmt.api.frontend.Controller.iterate(Controller.scala:175)
info.kwarc.mmt.api.frontend.Controller.add(Controller.scala:205)
info.kwarc.mmt.api.frontend.Controller$$anonfun$read$1.apply(Controller.scala:247)
info.kwarc.mmt.api.frontend.Controller$$anonfun$read$1.apply(Controller.scala:243)
info.kwarc.mmt.api.backend.XMLReader.info$kwarc$mmt$api$backend$XMLReader$$add(ReadXML.scala:26)
info.kwarc.mmt.api.backend.XMLReader$$anonfun$readModules$1.apply(ReadXML.scala:112)
info.kwarc.mmt.api.backend.XMLReader$$anonfun$readModules$1.apply(ReadXML.scala:57)
scala.collection.Iterator$class.foreach(Iterator.scala:660)
scala.collection.LinearSeqLike$$anon$1.foreach(LinearSeqLike.scala:50)
scala.collection.IterableLike$class.foreach(IterableLike.scala:73)
scala.xml.NodeSeq.foreach(NodeSeq.scala:43)
info.kwarc.mmt.api.backend.XMLReader.readModules(ReadXML.scala:57)
info.kwarc.mmt.api.backend.XMLReader.readDocument(ReadXML.scala:46)
info.kwarc.mmt.api.frontend.Controller.read(Controller.scala:243)
info.kwarc.mmt.api.archives.IndexedArchive$$anonfun$produceNarrCont$1.apply(Index.scala:54)
info.kwarc.mmt.api.archives.IndexedArchive$$anonfun$produceNarrCont$1.apply(Index.scala:49)
info.kwarc.mmt.api.archives.WritableArchive.traverse(Archive.scala:102)
info.kwarc.mmt.api.archives.IndexedArchive$class.produceNarrCont(Index.scala:49)
info.kwarc.mmt.api.archives.Archive.produceNarrCont(Archive.scala:119)
info.kwarc.mmt.api.archives.IndexedArchive$$anonfun$updateNarrCont$2.apply(Index.scala:94)
info.kwarc.mmt.api.archives.IndexedArchive$$anonfun$updateNarrCont$2.apply(Index.scala:89)
info.kwarc.mmt.api.archives.WritableArchive.traverse(Archive.scala:102)
info.kwarc.mmt.api.archives.WritableArchive$$anonfun$traverse$2.apply(Archive.scala:97)
info.kwarc.mmt.api.archives.WritableArchive$$anonfun$traverse$2.apply(Archive.scala:96)
scala.collection.IndexedSeqOptimized$class.foreach(IndexedSeqOptimized.scala:34)
scala.collection.mutable.ArrayOps.foreach(ArrayOps.scala:38)
info.kwarc.mmt.api.archives.WritableArchive.traverse(Archive.scala:96)
info.kwarc.mmt.api.archives.WritableArchive$$anonfun$traverse$2.apply(Archive.scala:97)
info.kwarc.mmt.api.archives.WritableArchive$$anonfun$traverse$2.apply(Archive.scala:96)
scala.collection.IndexedSeqOptimized$class.foreach(IndexedSeqOptimized.scala:34)
scala.collection.mutable.ArrayOps.foreach(ArrayOps.scala:38)
info.kwarc.mmt.api.archives.WritableArchive.traverse(Archive.scala:96)
info.kwarc.mmt.api.archives.IndexedArchive$class.updateNarrCont(Index.scala:89)
info.kwarc.mmt.api.archives.Archive.updateNarrCont(Archive.scala:119)
info.kwarc.mmt.api.frontend.Controller.handle(Controller.scala:345)
info.kwarc.mmt.api.frontend.Controller.handleLine(Controller.scala:309)
info.kwarc.mmt.api.frontend.Controller$$anonfun$handle$12.apply(Controller.scala:389)
info.kwarc.mmt.api.frontend.Controller$$anonfun$handle$12.apply(Controller.scala:389)
info.kwarc.mmt.api.utils.File$.ReadLineWise(File.scala:71)
info.kwarc.mmt.api.frontend.Controller.handle(Controller.scala:389)
info.kwarc.mmt.api.frontend.Controller.handleLine(Controller.scala:309)
info.kwarc.mmt.api.frontend.Shell.main(Shell.scala:32)
info.kwarc.mmt.api.frontend.Run.main(Shell.scala)
19:29:15.366	archive: leaving  C:\other\ombase\compiled\math
19:29:15.368	archive: entering C:\other\ombase\compiled\translations
19:29:15.370	archive: entering C:\other\ombase\compiled\translations\curry_howard
19:29:15.373	archive: leaving  C:\other\ombase\compiled\translations\curry_howard
19:29:15.374	archive: entering C:\other\ombase\compiled\translations\dn
19:29:15.375	archive: entering C:\other\ombase\compiled\translations\dn\Glivenko-Kuroda
19:29:15.377	archive: entering C:\other\ombase\compiled\translations\dn\Glivenko-Kuroda\fol-ifol
19:29:15.381	archive: leaving  C:\other\ombase\compiled\translations\dn\Glivenko-Kuroda\fol-ifol
19:29:15.385	archive: entering C:\other\ombase\compiled\translations\dn\Glivenko-Kuroda\prop-iprop
19:29:15.393	archive: leaving  C:\other\ombase\compiled\translations\dn\Glivenko-Kuroda\prop-iprop
19:29:15.395	archive: leaving  C:\other\ombase\compiled\translations\dn\Glivenko-Kuroda
19:29:15.397	archive: leaving  C:\other\ombase\compiled\translations\dn
19:29:15.399	archive: entering C:\other\ombase\compiled\translations\fol-sfol
19:29:15.401	archive: leaving  C:\other\ombase\compiled\translations\fol-sfol
19:29:15.402	archive: entering C:\other\ombase\compiled\translations\ml-fol
19:29:15.407	archive: leaving  C:\other\ombase\compiled\translations\ml-fol
19:29:15.407	archive: entering C:\other\ombase\compiled\translations\prop-hol
19:29:15.411	archive: leaving  C:\other\ombase\compiled\translations\prop-hol
19:29:15.412	archive: entering C:\other\ombase\compiled\translations\sfol-fol
19:29:15.419	archive: leaving  C:\other\ombase\compiled\translations\sfol-fol
19:29:15.422	archive: entering C:\other\ombase\compiled\translations\sfol-hol
19:29:15.425	archive: leaving  C:\other\ombase\compiled\translations\sfol-hol
19:29:15.426	archive: entering C:\other\ombase\compiled\translations\type_theory-zfc
19:29:15.431	archive: leaving  C:\other\ombase\compiled\translations\type_theory-zfc
19:29:15.432	archive: leaving  C:\other\ombase\compiled\translations
19:29:15.433	archive: entering C:\other\ombase\compiled\type_theories
19:29:15.436	archive: entering C:\other\ombase\compiled\type_theories\Church-style
19:29:15.442	archive: leaving  C:\other\ombase\compiled\type_theories\Church-style
19:29:15.443	archive: entering C:\other\ombase\compiled\type_theories\Curry-style
19:29:15.448	archive: leaving  C:\other\ombase\compiled\type_theories\Curry-style
19:29:15.452	archive: entering C:\other\ombase\compiled\type_theories\old
19:29:15.458	archive: leaving  C:\other\ombase\compiled\type_theories\old
19:29:15.461	archive: leaving  C:\other\ombase\compiled\type_theories
19:29:15.462	archive: leaving  C:\other\ombase\compiled
19:29:15.463	user: archive latin content*  finished
19:29:15.467	user: file .\startup.msl finished
19:29:19.113	user: exit
